        :-) GROMACS - gmx mdrun, 2020.2-dev-20200430-5e78835-unknown (-:

                            GROMACS is written by:
     Emile Apol      Rossen Apostolov      Paul Bauer     Herman J.C. Berendsen
    Par Bjelkmar      Christian Blau   Viacheslav Bolnykh     Kevin Boyd    
 Aldert van Buuren   Rudi van Drunen     Anton Feenstra       Alan Gray     
  Gerrit Groenhof     Anca Hamuraru    Vincent Hindriksen  M. Eric Irrgang  
  Aleksei Iupinov   Christoph Junghans     Joe Jordan     Dimitrios Karkoulis
    Peter Kasson        Jiri Kraus      Carsten Kutzner      Per Larsson    
  Justin A. Lemkul    Viveca Lindahl    Magnus Lundborg     Erik Marklund   
    Pascal Merz     Pieter Meulenhoff    Teemu Murtola       Szilard Pall   
    Sander Pronk      Roland Schulz      Michael Shirts    Alexey Shvetsov  
   Alfons Sijbers     Peter Tieleman      Jon Vincent      Teemu Virolainen 
 Christian Wennberg    Maarten Wolf      Artem Zhmurov   
                           and the project leaders:
        Mark Abraham, Berk Hess, Erik Lindahl, and David van der Spoel

Copyright (c) 1991-2000, University of Groningen, The Netherlands.
Copyright (c) 2001-2019, The GROMACS development team at
Uppsala University, Stockholm University and
the Royal Institute of Technology, Sweden.
check out http://www.gromacs.org for more information.

GROMACS is free software; you can redistribute it and/or modify it
under the terms of the GNU Lesser General Public License
as published by the Free Software Foundation; either version 2.1
of the License, or (at your option) any later version.

GROMACS:      gmx mdrun, version 2020.2-dev-20200430-5e78835-unknown
Executable:   /usr/local/gromacs//sm70/bin/gmx
Data prefix:  /usr/local/gromacs//sm70
Working dir:  /opt/notebooks/biobb_wf_md_setup/biobb_wf_md_setup/notebooks
Process ID:   166
Command line:
  gmx -nobackup -nocopyright mdrun -s 1AKI_gppnvt.tpr -o 1AKI_nvt.trr -c 1AKI_nvt.gro -e 1AKI_nvt.edr -g 1AKI_nvt.log -cpo 1AKI_nvt.cpt

GROMACS version:    2020.2-dev-20200430-5e78835-unknown
GIT SHA1 hash:      5e788350ad75c15ba91d2ba02779f1f8200f61ee
Branched from:      unknown
Precision:          single
Memory model:       64 bit
MPI library:        thread_mpi
OpenMP support:     enabled (GMX_OPENMP_MAX_THREADS = 64)
GPU support:        CUDA
SIMD instructions:  AVX2_256
FFT library:        fftw-3.3.8
RDTSCP usage:       enabled
TNG support:        enabled
Hwloc support:      disabled
Tracing support:    disabled
C compiler:         /usr/bin/gcc GNU 8.4.0
C compiler flags:   -mavx2 -mfma -Wall -Wno-unused -Wunused-value -Wunused-parameter -Wextra -Wno-missing-field-initializers -Wno-sign-compare -Wpointer-arith -Wundef -Werror=stringop-truncation -fexcess-precision=fast -funroll-all-loops -Wno-array-bounds -mtune=generic -march=x86-64 -O2 -pipe -mavx -DNDEBUG
C++ compiler:       /usr/bin/g++ GNU 8.4.0
C++ compiler flags: -mavx2 -mfma -Wall -Wextra -Wno-missing-field-initializers -Wpointer-arith -Wmissing-declarations -Wundef -Wstringop-truncation -fexcess-precision=fast -funroll-all-loops -Wno-array-bounds -fopenmp -mtune=generic -march=x86-64 -O2 -pipe -mavx -DNDEBUG
CUDA compiler:      /usr/local/cuda/bin/nvcc nvcc: NVIDIA (R) Cuda compiler driver;Copyright (c) 2005-2020 NVIDIA Corporation;Built on Wed_May__6_19:09:25_PDT_2020;Cuda compilation tools, release 11.0, V11.0.167;Build cuda_11.0_bu.TC445_37.28358933_0
CUDA compiler flags:-std=c++14;-gencode;arch=compute_70,code=sm_70;-use_fast_math;-D_FORCE_INLINES;-mavx2 -mfma -Wall -Wextra -Wno-missing-field-initializers -Wpointer-arith -Wmissing-declarations -Wundef -Wstringop-truncation -fexcess-precision=fast -funroll-all-loops -Wno-array-bounds -fopenmp -mtune=generic -march=x86-64 -O2 -pipe -mavx -DNDEBUG
CUDA driver:        11.30
CUDA runtime:       11.0


Running on 1 node with total 8 cores, 16 logical cores, 2 compatible GPUs
Hardware detected:
  CPU info:
    Vendor: AMD
    Brand:  AMD Ryzen 7 2700X Eight-Core Processor         
    Family: 23   Model: 8   Stepping: 2
    Features: aes amd apic avx avx2 clfsh cmov cx8 cx16 f16c fma htt lahf misalignsse mmx msr nonstop_tsc pclmuldq pdpe1gb popcnt pse rdrnd rdtscp sha sse2 sse3 sse4a sse4.1 sse4.2 ssse3
  Hardware topology: Basic
    Sockets, cores, and logical processors:
      Socket  0: [   0   1] [   2   3] [   4   5] [   6   7] [   8   9] [  10  11] [  12  13] [  14  15]
  GPU info:
    Number of GPUs detected: 2
    #0: NVIDIA NVIDIA GeForce RTX 2070, compute cap.: 7.5, ECC:  no, stat: compatible
    #1: NVIDIA NVIDIA GeForce RTX 2070, compute cap.: 7.5, ECC:  no, stat: compatible


++++ PLEASE READ AND CITE THE FOLLOWING REFERENCE ++++
M. J. Abraham, T. Murtola, R. Schulz, S. Páll, J. C. Smith, B. Hess, E.
Lindahl
GROMACS: High performance molecular simulations through multi-level
parallelism from laptops to supercomputers
SoftwareX 1 (2015) pp. 19-25
-------- -------- --- Thank You --- -------- --------


++++ PLEASE READ AND CITE THE FOLLOWING REFERENCE ++++
S. Páll, M. J. Abraham, C. Kutzner, B. Hess, E. Lindahl
Tackling Exascale Software Challenges in Molecular Dynamics Simulations with
GROMACS
In S. Markidis & E. Laure (Eds.), Solving Software Challenges for Exascale 8759 (2015) pp. 3-27
-------- -------- --- Thank You --- -------- --------


++++ PLEASE READ AND CITE THE FOLLOWING REFERENCE ++++
S. Pronk, S. Páll, R. Schulz, P. Larsson, P. Bjelkmar, R. Apostolov, M. R.
Shirts, J. C. Smith, P. M. Kasson, D. van der Spoel, B. Hess, and E. Lindahl
GROMACS 4.5: a high-throughput and highly parallel open source molecular
simulation toolkit
Bioinformatics 29 (2013) pp. 845-54
-------- -------- --- Thank You --- -------- --------


++++ PLEASE READ AND CITE THE FOLLOWING REFERENCE ++++
B. Hess and C. Kutzner and D. van der Spoel and E. Lindahl
GROMACS 4: Algorithms for highly efficient, load-balanced, and scalable
molecular simulation
J. Chem. Theory Comput. 4 (2008) pp. 435-447
-------- -------- --- Thank You --- -------- --------


++++ PLEASE READ AND CITE THE FOLLOWING REFERENCE ++++
D. van der Spoel, E. Lindahl, B. Hess, G. Groenhof, A. E. Mark and H. J. C.
Berendsen
GROMACS: Fast, Flexible and Free
J. Comp. Chem. 26 (2005) pp. 1701-1719
-------- -------- --- Thank You --- -------- --------


++++ PLEASE READ AND CITE THE FOLLOWING REFERENCE ++++
E. Lindahl and B. Hess and D. van der Spoel
GROMACS 3.0: A package for molecular simulation and trajectory analysis
J. Mol. Mod. 7 (2001) pp. 306-317
-------- -------- --- Thank You --- -------- --------


++++ PLEASE READ AND CITE THE FOLLOWING REFERENCE ++++
H. J. C. Berendsen, D. van der Spoel and R. van Drunen
GROMACS: A message-passing parallel molecular dynamics implementation
Comp. Phys. Comm. 91 (1995) pp. 43-56
-------- -------- --- Thank You --- -------- --------


++++ PLEASE CITE THE DOI FOR THIS VERSION OF GROMACS ++++
https://doi.org/10.5281/zenodo.3773801
-------- -------- --- Thank You --- -------- --------

Input Parameters:
   integrator                     = md
   tinit                          = 0
   dt                             = 0.002
   nsteps                         = 5000
   init-step                      = 0
   simulation-part                = 1
   comm-mode                      = Linear
   nstcomm                        = 100
   bd-fric                        = 0
   ld-seed                        = -1783004678
   emtol                          = 10
   emstep                         = 0.01
   niter                          = 20
   fcstep                         = 0
   nstcgsteep                     = 1000
   nbfgscorr                      = 10
   rtpi                           = 0.05
   nstxout                        = 500
   nstvout                        = 500
   nstfout                        = 0
   nstlog                         = 500
   nstcalcenergy                  = 100
   nstenergy                      = 500
   nstxout-compressed             = 1000
   compressed-x-precision         = 1000
   cutoff-scheme                  = Verlet
   nstlist                        = 10
   pbc                            = xyz
   periodic-molecules             = false
   verlet-buffer-tolerance        = 0.005
   rlist                          = 1
   coulombtype                    = PME
   coulomb-modifier               = Potential-shift
   rcoulomb-switch                = 0
   rcoulomb                       = 1
   epsilon-r                      = 1
   epsilon-rf                     = inf
   vdw-type                       = Cut-off
   vdw-modifier                   = Potential-shift
   rvdw-switch                    = 0
   rvdw                           = 1
   DispCorr                       = EnerPres
   table-extension                = 1
   fourierspacing                 = 0.12
   fourier-nx                     = 60
   fourier-ny                     = 60
   fourier-nz                     = 60
   pme-order                      = 4
   ewald-rtol                     = 1e-05
   ewald-rtol-lj                  = 0.001
   lj-pme-comb-rule               = Geometric
   ewald-geometry                 = 0
   epsilon-surface                = 0
   tcoupl                         = V-rescale
   nsttcouple                     = 10
   nh-chain-length                = 0
   print-nose-hoover-chain-variables = false
   pcoupl                         = No
   pcoupltype                     = Isotropic
   nstpcouple                     = -1
   tau-p                          = 1
   compressibility (3x3):
      compressibility[    0]={ 0.00000e+00,  0.00000e+00,  0.00000e+00}
      compressibility[    1]={ 0.00000e+00,  0.00000e+00,  0.00000e+00}
      compressibility[    2]={ 0.00000e+00,  0.00000e+00,  0.00000e+00}
   ref-p (3x3):
      ref-p[    0]={ 0.00000e+00,  0.00000e+00,  0.00000e+00}
      ref-p[    1]={ 0.00000e+00,  0.00000e+00,  0.00000e+00}
      ref-p[    2]={ 0.00000e+00,  0.00000e+00,  0.00000e+00}
   refcoord-scaling               = No
   posres-com (3):
      posres-com[0]= 0.00000e+00
      posres-com[1]= 0.00000e+00
      posres-com[2]= 0.00000e+00
   posres-comB (3):
      posres-comB[0]= 0.00000e+00
      posres-comB[1]= 0.00000e+00
      posres-comB[2]= 0.00000e+00
   QMMM                           = false
   QMconstraints                  = 0
   QMMMscheme                     = 0
   MMChargeScaleFactor            = 1
qm-opts:
   ngQM                           = 0
   constraint-algorithm           = Lincs
   continuation                   = false
   Shake-SOR                      = false
   shake-tol                      = 0.0001
   lincs-order                    = 4
   lincs-iter                     = 1
   lincs-warnangle                = 30
   nwall                          = 0
   wall-type                      = 9-3
   wall-r-linpot                  = -1
   wall-atomtype[0]               = -1
   wall-atomtype[1]               = -1
   wall-density[0]                = 0
   wall-density[1]                = 0
   wall-ewald-zfac                = 3
   pull                           = false
   awh                            = false
   rotation                       = false
   interactiveMD                  = false
   disre                          = No
   disre-weighting                = Conservative
   disre-mixed                    = false
   dr-fc                          = 1000
   dr-tau                         = 0
   nstdisreout                    = 100
   orire-fc                       = 0
   orire-tau                      = 0
   nstorireout                    = 100
   free-energy                    = no
   cos-acceleration               = 0
   deform (3x3):
      deform[    0]={ 0.00000e+00,  0.00000e+00,  0.00000e+00}
      deform[    1]={ 0.00000e+00,  0.00000e+00,  0.00000e+00}
      deform[    2]={ 0.00000e+00,  0.00000e+00,  0.00000e+00}
   simulated-tempering            = false
   swapcoords                     = no
   userint1                       = 0
   userint2                       = 0
   userint3                       = 0
   userint4                       = 0
   userreal1                      = 0
   userreal2                      = 0
   userreal3                      = 0
   userreal4                      = 0
   applied-forces:
     electric-field:
       x:
         E0                       = 0
         omega                    = 0
         t0                       = 0
         sigma                    = 0
       y:
         E0                       = 0
         omega                    = 0
         t0                       = 0
         sigma                    = 0
       z:
         E0                       = 0
         omega                    = 0
         t0                       = 0
         sigma                    = 0
     density-guided-simulation:
       active                     = false
       group                      = protein
       similarity-measure         = inner-product
       atom-spreading-weight      = unity
       force-constant             = 1e+09
       gaussian-transform-spreading-width = 0.2
       gaussian-transform-spreading-range-in-multiples-of-width = 4
       reference-density-filename = reference.mrc
       nst                        = 1
       normalize-densities        = true
       adaptive-force-scaling     = false
       adaptive-force-scaling-time-constant = 4
grpopts:
   nrdf:     4920.79     63777.2
   ref-t:         300         300
   tau-t:         0.1         0.1
annealing:          No          No
annealing-npoints:           0           0
   acc:	           0           0           0
   nfreeze:           N           N           N
   energygrp-flags[  0]: 0

Changing nstlist from 10 to 100, rlist from 1 to 1.165


Initializing Domain Decomposition on 4 ranks
Dynamic load balancing: auto
Using update groups, nr 11645, average size 2.9 atoms, max. radius 0.104 nm
Minimum cell size due to atom displacement: 0.646 nm
Initial maximum distances in bonded interactions:
    two-body bonded interactions: 0.450 nm, LJ-14, atoms 1156 1405
  multi-body bonded interactions: 0.450 nm, Proper Dih., atoms 1156 1405
Minimum cell size due to bonded interactions: 0.496 nm
Scaling the initial minimum size with 1/0.8 (option -dds) = 1.25
Using 0 separate PME ranks
Optimizing the DD grid for 4 cells with a minimum initial size of 0.808 nm
The maximum allowed number of cells is: X 8 Y 8 Z 8
Domain decomposition grid 4 x 1 x 1, separate PME ranks 0
PME domain decomposition: 4 x 1 x 1
Domain decomposition rank 0, coordinates 0 0 0

The initial number of communication pulses is: X 1
The initial domain decomposition cell size is: X 1.75 nm

The maximum allowed distance for atom groups involved in interactions is:
                 non-bonded interactions           1.373 nm
            two-body bonded interactions  (-rdd)   1.373 nm
          multi-body bonded interactions  (-rdd)   1.373 nm

When dynamic load balancing gets turned on, these settings will change to:
The maximum number of communication pulses is: X 1
The minimum size for domain decomposition cells is 1.373 nm
The requested allowed shrink of DD cells (option -dds) is: 0.80
The allowed shrink of domain decomposition cells is: X 0.78
The maximum allowed distance for atom groups involved in interactions is:
                 non-bonded interactions           1.373 nm
            two-body bonded interactions  (-rdd)   1.373 nm
          multi-body bonded interactions  (-rdd)   1.373 nm

On host 8afc530b9665 2 GPUs selected for this run.
Mapping of GPU IDs to the 4 GPU tasks in the 4 ranks on this node:
  PP:0,PP:0,PP:1,PP:1
PP tasks will do (non-perturbed) short-ranged and most bonded interactions on the GPU
PP task will update and constrain coordinates on the CPU
Using 4 MPI threads
Using 4 OpenMP threads per tMPI thread

Pinning threads with an auto-selected logical core stride of 1
System total charge: 0.000
Will do PME sum in reciprocal space for electrostatic interactions.

++++ PLEASE READ AND CITE THE FOLLOWING REFERENCE ++++
U. Essmann, L. Perera, M. L. Berkowitz, T. Darden, H. Lee and L. G. Pedersen 
A smooth particle mesh Ewald method
J. Chem. Phys. 103 (1995) pp. 8577-8592
-------- -------- --- Thank You --- -------- --------

Using a Gaussian width (1/beta) of 0.320163 nm for Ewald
Potential shift: LJ r^-12: -1.000e+00 r^-6: -1.000e+00, Ewald -1.000e-05
Initialized non-bonded Ewald tables, spacing: 9.33e-04 size: 1073

Generated table with 1082 data points for 1-4 COUL.
Tabscale = 500 points/nm
Generated table with 1082 data points for 1-4 LJ6.
Tabscale = 500 points/nm
Generated table with 1082 data points for 1-4 LJ12.
Tabscale = 500 points/nm

Using GPU 8x8 nonbonded short-range kernels

Using a dual 8x8 pair-list setup updated with dynamic, rolling pruning:
  outer list: updated every 100 steps, buffer 0.165 nm, rlist 1.165 nm
  inner list: updated every  10 steps, buffer 0.001 nm, rlist 1.001 nm
At tolerance 0.005 kJ/mol/ps per atom, equivalent classical 1x1 list would be:
  outer list: updated every 100 steps, buffer 0.318 nm, rlist 1.318 nm
  inner list: updated every  10 steps, buffer 0.042 nm, rlist 1.042 nm

Using Lorentz-Berthelot Lennard-Jones combination rule

Long Range LJ corr.: <C6> 3.1927e-04

Removing pbc first time

Initializing LINear Constraint Solver

++++ PLEASE READ AND CITE THE FOLLOWING REFERENCE ++++
B. Hess and H. Bekker and H. J. C. Berendsen and J. G. E. M. Fraaije
LINCS: A Linear Constraint Solver for molecular simulations
J. Comp. Chem. 18 (1997) pp. 1463-1472
-------- -------- --- Thank You --- -------- --------

The number of constraints is 959

++++ PLEASE READ AND CITE THE FOLLOWING REFERENCE ++++
S. Miyamoto and P. A. Kollman
SETTLE: An Analytical Version of the SHAKE and RATTLE Algorithms for Rigid
Water Models
J. Comp. Chem. 13 (1992) pp. 952-962
-------- -------- --- Thank You --- -------- --------


Linking all bonded interactions to atoms

Intra-simulation communication will occur every 10 steps.

++++ PLEASE READ AND CITE THE FOLLOWING REFERENCE ++++
G. Bussi, D. Donadio and M. Parrinello
Canonical sampling through velocity rescaling
J. Chem. Phys. 126 (2007) pp. 014101
-------- -------- --- Thank You --- -------- --------

There are: 33836 Atoms
Atom distribution over 4 domains: av 8459 stddev 56 min 8382 max 8526

NOTE: DLB will not turn on during the first phase of PME tuning

Constraining the starting coordinates (step 0)

Constraining the coordinates at t0-dt (step 0)
Center of mass motion removal mode is Linear
We have the following groups for center of mass motion removal:
  0:  rest
RMS relative constraint deviation after constraining: 1.32e-06
Initial temperature: 300.501 K

Started mdrun on rank 0 Thu Sep  2 18:18:18 2021

           Step           Time
              0        0.00000

   Energies (kJ/mol)
           Bond          Angle    Proper Dih.  Improper Dih.          LJ-14
    3.11843e+02    9.64103e+02    4.65597e+03    7.77022e+01    1.70776e+03
     Coulomb-14        LJ (SR)  Disper. corr.   Coulomb (SR)   Coul. recip.
    1.63474e+04    9.90591e+04   -4.43922e+03   -7.27697e+05    2.76588e+03
 Position Rest.      Potential    Kinetic En.   Total Energy  Conserved En.
    8.19312e-04   -6.06246e+05    8.58298e+04   -5.20417e+05   -5.20417e+05
    Temperature Pres. DC (bar) Pressure (bar)   Constr. rmsd
    3.00531e+02   -2.14247e+02   -4.61468e+03    2.85276e-06


DD  step 99 load imb.: force  2.4%

DD  step 499 load imb.: force  2.4%
           Step           Time
            500        1.00000

   Energies (kJ/mol)
           Bond          Angle    Proper Dih.  Improper Dih.          LJ-14
    1.58523e+03    3.81377e+03    5.14060e+03    2.31184e+02    1.99799e+03
     Coulomb-14        LJ (SR)  Disper. corr.   Coulomb (SR)   Coul. recip.
    1.62534e+04    9.14206e+04   -4.43922e+03   -6.39914e+05    3.16714e+03
 Position Rest.      Potential    Kinetic En.   Total Energy  Conserved En.
    4.89403e+02   -5.20254e+05    8.49068e+04   -4.35347e+05   -5.19564e+05
    Temperature Pres. DC (bar) Pressure (bar)   Constr. rmsd
    2.97299e+02   -2.14247e+02   -1.06336e+02    3.02599e-06

step  600: timed with pme grid 60 60 60, coulomb cutoff 1.000: 15313.2 M-cycles
step  800: timed with pme grid 52 52 52, coulomb cutoff 1.123: 12279.0 M-cycles
step 1000: timed with pme grid 48 48 48, coulomb cutoff 1.217: 16847.3 M-cycles

DD  step 999 load imb.: force  1.8%
           Step           Time
           1000        2.00000

   Energies (kJ/mol)
           Bond          Angle    Proper Dih.  Improper Dih.          LJ-14
    1.70438e+03    3.87780e+03    5.22807e+03    2.91411e+02    1.93057e+03
     Coulomb-14        LJ (SR)  Disper. corr.   Coulomb (SR)   Coul. recip.
    1.60569e+04    9.09463e+04   -4.43922e+03   -6.38978e+05    2.09212e+03
 Position Rest.      Potential    Kinetic En.   Total Energy  Conserved En.
    4.12567e+02   -5.20877e+05    8.60646e+04   -4.34812e+05   -5.19559e+05
    Temperature Pres. DC (bar) Pressure (bar)   Constr. rmsd
    3.01354e+02   -2.14247e+02   -4.41871e+02    2.94938e-06

step 1200: timed with pme grid 52 52 52, coulomb cutoff 1.123: 18467.0 M-cycles
step 1400: timed with pme grid 56 56 56, coulomb cutoff 1.043: 12591.4 M-cycles
              optimal pme grid 52 52 52, coulomb cutoff 1.123

NOTE: DLB can now turn on, when beneficial

DD  step 1499 load imb.: force  1.4%
           Step           Time
           1500        3.00000

   Energies (kJ/mol)
           Bond          Angle    Proper Dih.  Improper Dih.          LJ-14
    1.61424e+03    3.83110e+03    5.15032e+03    2.88499e+02    1.84454e+03
     Coulomb-14        LJ (SR)  Disper. corr.   Coulomb (SR)   Coul. recip.
    1.62043e+04    9.13276e+04   -4.43922e+03   -6.41449e+05    2.10230e+03
 Position Rest.      Potential    Kinetic En.   Total Energy  Conserved En.
    4.40317e+02   -5.23085e+05    8.46662e+04   -4.38419e+05   -5.19522e+05
    Temperature Pres. DC (bar) Pressure (bar)   Constr. rmsd
    2.96457e+02   -2.14247e+02   -7.36120e+02    2.67852e-06


DD  step 1999 load imb.: force  1.4%
           Step           Time
           2000        4.00000

   Energies (kJ/mol)
           Bond          Angle    Proper Dih.  Improper Dih.          LJ-14
    1.45539e+03    3.76994e+03    5.23299e+03    2.76660e+02    1.94999e+03
     Coulomb-14        LJ (SR)  Disper. corr.   Coulomb (SR)   Coul. recip.
    1.62250e+04    9.08911e+04   -4.43922e+03   -6.40206e+05    2.12078e+03
 Position Rest.      Potential    Kinetic En.   Total Energy  Conserved En.
    4.68491e+02   -5.22255e+05    8.51280e+04   -4.37127e+05   -5.19545e+05
    Temperature Pres. DC (bar) Pressure (bar)   Constr. rmsd
    2.98074e+02   -2.14247e+02   -8.48499e+02    2.71668e-06


DD  step 2499 load imb.: force  3.4%
           Step           Time
           2500        5.00000

   Energies (kJ/mol)
           Bond          Angle    Proper Dih.  Improper Dih.          LJ-14
    1.48325e+03    3.97302e+03    5.15496e+03    2.82351e+02    1.91100e+03
     Coulomb-14        LJ (SR)  Disper. corr.   Coulomb (SR)   Coul. recip.
    1.62143e+04    9.18392e+04   -4.43922e+03   -6.41526e+05    2.06087e+03
 Position Rest.      Potential    Kinetic En.   Total Energy  Conserved En.
    4.25602e+02   -5.22621e+05    8.56676e+04   -4.36953e+05   -5.19520e+05
    Temperature Pres. DC (bar) Pressure (bar)   Constr. rmsd
    2.99964e+02   -2.14247e+02   -3.31666e+02    2.60860e-06


DD  step 2999 load imb.: force  2.9%
           Step           Time
           3000        6.00000

   Energies (kJ/mol)
           Bond          Angle    Proper Dih.  Improper Dih.          LJ-14
    1.51058e+03    4.01021e+03    5.17864e+03    2.63375e+02    1.80715e+03
     Coulomb-14        LJ (SR)  Disper. corr.   Coulomb (SR)   Coul. recip.
    1.62861e+04    9.09557e+04   -4.43922e+03   -6.40624e+05    2.06429e+03
 Position Rest.      Potential    Kinetic En.   Total Energy  Conserved En.
    4.20481e+02   -5.22567e+05    8.58036e+04   -4.36763e+05   -5.19529e+05
    Temperature Pres. DC (bar) Pressure (bar)   Constr. rmsd
    3.00440e+02   -2.14247e+02   -7.36158e+02    2.66661e-06


DD  step 3499 load imb.: force  1.7%
           Step           Time
           3500        7.00000

   Energies (kJ/mol)
           Bond          Angle    Proper Dih.  Improper Dih.          LJ-14
    1.57952e+03    3.81158e+03    5.21604e+03    2.50207e+02    1.88943e+03
     Coulomb-14        LJ (SR)  Disper. corr.   Coulomb (SR)   Coul. recip.
    1.62361e+04    9.04860e+04   -4.43922e+03   -6.39898e+05    2.12817e+03
 Position Rest.      Potential    Kinetic En.   Total Energy  Conserved En.
    3.88090e+02   -5.22352e+05    8.62681e+04   -4.36084e+05   -5.19553e+05
    Temperature Pres. DC (bar) Pressure (bar)   Constr. rmsd
    3.02066e+02   -2.14247e+02   -5.03390e+02    3.04281e-06


DD  step 3999 load imb.: force  2.0%
           Step           Time
           4000        8.00000

   Energies (kJ/mol)
           Bond          Angle    Proper Dih.  Improper Dih.          LJ-14
    1.53580e+03    3.83201e+03    5.16054e+03    2.71537e+02    1.87962e+03
     Coulomb-14        LJ (SR)  Disper. corr.   Coulomb (SR)   Coul. recip.
    1.61335e+04    9.01043e+04   -4.43922e+03   -6.40449e+05    2.08275e+03
 Position Rest.      Potential    Kinetic En.   Total Energy  Conserved En.
    4.09175e+02   -5.23479e+05    8.54832e+04   -4.37996e+05   -5.19551e+05
    Temperature Pres. DC (bar) Pressure (bar)   Constr. rmsd
    2.99318e+02   -2.14247e+02   -8.34628e+02    2.94722e-06


DD  step 4499 load imb.: force  3.2%
           Step           Time
           4500        9.00000

   Energies (kJ/mol)
           Bond          Angle    Proper Dih.  Improper Dih.          LJ-14
    1.62287e+03    3.83987e+03    5.15877e+03    2.81908e+02    1.85656e+03
     Coulomb-14        LJ (SR)  Disper. corr.   Coulomb (SR)   Coul. recip.
    1.62800e+04    9.02932e+04   -4.43922e+03   -6.40132e+05    2.00152e+03
 Position Rest.      Potential    Kinetic En.   Total Energy  Conserved En.
    4.07504e+02   -5.22829e+05    8.58683e+04   -4.36961e+05   -5.19534e+05
    Temperature Pres. DC (bar) Pressure (bar)   Constr. rmsd
    3.00666e+02   -2.14247e+02   -7.80058e+02    2.56416e-06


DD  step 4999 load imb.: force  3.2%
           Step           Time
           5000       10.00000

Writing checkpoint, step 5000 at Thu Sep  2 18:21:13 2021


   Energies (kJ/mol)
           Bond          Angle    Proper Dih.  Improper Dih.          LJ-14
    1.61224e+03    3.95109e+03    5.18526e+03    2.46712e+02    1.87593e+03
     Coulomb-14        LJ (SR)  Disper. corr.   Coulomb (SR)   Coul. recip.
    1.61389e+04    9.14778e+04   -4.43922e+03   -6.41145e+05    2.09374e+03
 Position Rest.      Potential    Kinetic En.   Total Energy  Conserved En.
    4.72206e+02   -5.22531e+05    8.56673e+04   -4.36863e+05   -5.19518e+05
    Temperature Pres. DC (bar) Pressure (bar)   Constr. rmsd
    2.99962e+02   -2.14247e+02   -6.20208e+02    2.78776e-06


	<======  ###############  ==>
	<====  A V E R A G E S  ====>
	<==  ###############  ======>

	Statistics over 5001 steps using 51 frames

   Energies (kJ/mol)
           Bond          Angle    Proper Dih.  Improper Dih.          LJ-14
    1.51800e+03    3.81397e+03    5.16757e+03    2.66142e+02    1.89427e+03
     Coulomb-14        LJ (SR)  Disper. corr.   Coulomb (SR)   Coul. recip.
    1.61854e+04    9.15427e+04   -4.43922e+03   -6.43184e+05    2.22072e+03
 Position Rest.      Potential    Kinetic En.   Total Energy  Conserved En.
    4.35199e+02   -5.24579e+05    8.52809e+04   -4.39298e+05   -5.19560e+05
    Temperature Pres. DC (bar) Pressure (bar)   Constr. rmsd
    2.98610e+02   -2.14247e+02   -6.61324e+02    0.00000e+00

   Total Virial (kJ/mol)
    3.51809e+04    2.02970e+02    2.37895e+02
    2.02021e+02    3.58557e+04    1.77037e+02
    2.36344e+02    1.78231e+02    3.48234e+04

   Pressure (bar)
   -6.46837e+02   -1.32849e+01   -2.08430e+01
   -1.31935e+01   -7.14991e+02   -2.20392e+01
   -2.06935e+01   -2.21543e+01   -6.22142e+02

      T-Protein  T-non-Protein
    2.99654e+02    2.98529e+02


       P P   -   P M E   L O A D   B A L A N C I N G

 PP/PME load balancing changed the cut-off and PME settings:
           particle-particle                    PME
            rcoulomb  rlist            grid      spacing   1/beta
   initial  1.000 nm  1.001 nm      60  60  60   0.117 nm  0.320 nm
   final    1.123 nm  1.124 nm      52  52  52   0.135 nm  0.360 nm
 cost-ratio           1.42             0.65
 (note that these numbers concern only part of the total PP and PME load)


	M E G A - F L O P S   A C C O U N T I N G

 NB=Group-cutoff nonbonded kernels    NxN=N-by-N cluster Verlet kernels
 RF=Reaction-Field  VdW=Van der Waals  QSTab=quadratic-spline table
 W3=SPC/TIP3p  W4=TIP4p (single or pairs)
 V&F=Potential and force  V=Potential only  F=Force only

 Computing:                               M-Number         M-Flops  % Flops
-----------------------------------------------------------------------------
 Pair Search distance check             186.166432        1675.498     0.0
 NxN Ewald Elec. + LJ [F]            193134.591936    12746883.068    95.9
 NxN Ewald Elec. + LJ [V&F]            1990.534848      212987.229     1.6
 Calc Weights                           507.641508       18275.094     0.1
 Spread Q Bspline                     10829.685504       21659.371     0.2
 Gather F Bspline                     10829.685504       64978.113     0.5
 3D-FFT                               25799.682764      206397.462     1.6
 Solve PME                               14.066704         900.269     0.0
 Reset In Box                             1.725636           5.177     0.0
 CG-CoM                                   1.759472           5.278     0.0
 Pos. Restr.                              5.006001         250.300     0.0
 Virial                                   1.734816          31.227     0.0
 Stop-CM                                  1.759472          17.595     0.0
 Calc-Ekin                               33.903672         915.399     0.0
 Lincs                                    4.797877         287.873     0.0
 Lincs-Mat                               23.894328          95.577     0.0
 Constraint-V                           168.897532        1351.180     0.0
 Constraint-Vir                           1.673157          40.156     0.0
 Settle                                  53.111848       17155.127     0.1
-----------------------------------------------------------------------------
 Total                                                13293910.993   100.0
-----------------------------------------------------------------------------


    D O M A I N   D E C O M P O S I T I O N   S T A T I S T I C S

 av. #atoms communicated per step for force:  2 x 23122.6


Dynamic load balancing report:
 DLB was off during the run due to low measured imbalance.
 Average load imbalance: 2.4%.
 The balanceable part of the MD step is 58%, load imbalance is computed from this.
 Part of the total run time spent waiting due to load imbalance: 1.4%.


     R E A L   C Y C L E   A N D   T I M E   A C C O U N T I N G

On 4 MPI ranks, each using 4 OpenMP threads

 Computing:          Num   Num      Call    Wall time         Giga-Cycles
                     Ranks Threads  Count      (s)         total sum    %
-----------------------------------------------------------------------------
 Domain decomp.         4    4         51       0.906         57.884   0.5
 DD comm. load          4    4         12       0.057          3.658   0.0
 Neighbor search        4    4         51       0.336         21.439   0.2
 Launch GPU ops.        4    4      10002       5.114        326.693   2.9
 Comm. coord.           4    4       4950      23.337       1490.679  13.3
 Force                  4    4       5001       3.782        241.578   2.2
 Wait + Comm. F         4    4       5001      14.155        904.190   8.1
 PME mesh               4    4       5001     104.200       6655.931  59.5
 Wait Bonded GPU        4    4         51       0.000          0.004   0.0
 Wait GPU NB nonloc.    4    4       5001       2.859        182.640   1.6
 Wait GPU NB local      4    4       5001       0.055          3.498   0.0
 NB X/F buffer ops.     4    4      19902      10.963        700.261   6.3
 Write traj.            4    4         11       0.109          6.956   0.1
 Update                 4    4       5001       3.285        209.825   1.9
 Constraints            4    4       5003       1.770        113.037   1.0
 Comm. energies         4    4        501       3.551        226.832   2.0
 Rest                                           0.665         42.462   0.4
-----------------------------------------------------------------------------
 Total                                        175.144      11187.567 100.0
-----------------------------------------------------------------------------
 Breakdown of PME mesh computation
-----------------------------------------------------------------------------
 PME redist. X/F        4    4      10002      45.278       2892.204  25.9
 PME spread             4    4       5001      21.486       1372.430  12.3
 PME gather             4    4       5001       7.765        495.998   4.4
 PME 3D-FFT             4    4      10002       8.452        539.891   4.8
 PME 3D-FFT Comm.       4    4      10002      20.856       1332.213  11.9
 PME solve Elec         4    4       5001       0.175         11.158   0.1
-----------------------------------------------------------------------------

               Core t (s)   Wall t (s)        (%)
       Time:     2802.129      175.144     1599.9
                 (ns/day)    (hour/ns)
Performance:        4.934        4.864
Finished mdrun on rank 0 Thu Sep  2 18:21:13 2021

