        :-) GROMACS - gmx mdrun, 2020.2-dev-20200430-5e78835-unknown (-:

                            GROMACS is written by:
     Emile Apol      Rossen Apostolov      Paul Bauer     Herman J.C. Berendsen
    Par Bjelkmar      Christian Blau   Viacheslav Bolnykh     Kevin Boyd    
 Aldert van Buuren   Rudi van Drunen     Anton Feenstra       Alan Gray     
  Gerrit Groenhof     Anca Hamuraru    Vincent Hindriksen  M. Eric Irrgang  
  Aleksei Iupinov   Christoph Junghans     Joe Jordan     Dimitrios Karkoulis
    Peter Kasson        Jiri Kraus      Carsten Kutzner      Per Larsson    
  Justin A. Lemkul    Viveca Lindahl    Magnus Lundborg     Erik Marklund   
    Pascal Merz     Pieter Meulenhoff    Teemu Murtola       Szilard Pall   
    Sander Pronk      Roland Schulz      Michael Shirts    Alexey Shvetsov  
   Alfons Sijbers     Peter Tieleman      Jon Vincent      Teemu Virolainen 
 Christian Wennberg    Maarten Wolf      Artem Zhmurov   
                           and the project leaders:
        Mark Abraham, Berk Hess, Erik Lindahl, and David van der Spoel

Copyright (c) 1991-2000, University of Groningen, The Netherlands.
Copyright (c) 2001-2019, The GROMACS development team at
Uppsala University, Stockholm University and
the Royal Institute of Technology, Sweden.
check out http://www.gromacs.org for more information.

GROMACS is free software; you can redistribute it and/or modify it
under the terms of the GNU Lesser General Public License
as published by the Free Software Foundation; either version 2.1
of the License, or (at your option) any later version.

GROMACS:      gmx mdrun, version 2020.2-dev-20200430-5e78835-unknown
Executable:   /usr/local/gromacs//sm70/bin/gmx
Data prefix:  /usr/local/gromacs//sm70
Working dir:  /opt/notebooks/biobb_wf_md_setup/biobb_wf_md_setup/notebooks
Process ID:   238
Command line:
  gmx -nobackup -nocopyright mdrun -s 1AKI_gppmd.tpr -o 1AKI_md.trr -c 1AKI_md.gro -e 1AKI_md.edr -g 1AKI_md.log -cpo 1AKI_md.cpt

GROMACS version:    2020.2-dev-20200430-5e78835-unknown
GIT SHA1 hash:      5e788350ad75c15ba91d2ba02779f1f8200f61ee
Branched from:      unknown
Precision:          single
Memory model:       64 bit
MPI library:        thread_mpi
OpenMP support:     enabled (GMX_OPENMP_MAX_THREADS = 64)
GPU support:        CUDA
SIMD instructions:  AVX2_256
FFT library:        fftw-3.3.8
RDTSCP usage:       enabled
TNG support:        enabled
Hwloc support:      disabled
Tracing support:    disabled
C compiler:         /usr/bin/gcc GNU 8.4.0
C compiler flags:   -mavx2 -mfma -Wall -Wno-unused -Wunused-value -Wunused-parameter -Wextra -Wno-missing-field-initializers -Wno-sign-compare -Wpointer-arith -Wundef -Werror=stringop-truncation -fexcess-precision=fast -funroll-all-loops -Wno-array-bounds -mtune=generic -march=x86-64 -O2 -pipe -mavx -DNDEBUG
C++ compiler:       /usr/bin/g++ GNU 8.4.0
C++ compiler flags: -mavx2 -mfma -Wall -Wextra -Wno-missing-field-initializers -Wpointer-arith -Wmissing-declarations -Wundef -Wstringop-truncation -fexcess-precision=fast -funroll-all-loops -Wno-array-bounds -fopenmp -mtune=generic -march=x86-64 -O2 -pipe -mavx -DNDEBUG
CUDA compiler:      /usr/local/cuda/bin/nvcc nvcc: NVIDIA (R) Cuda compiler driver;Copyright (c) 2005-2020 NVIDIA Corporation;Built on Wed_May__6_19:09:25_PDT_2020;Cuda compilation tools, release 11.0, V11.0.167;Build cuda_11.0_bu.TC445_37.28358933_0
CUDA compiler flags:-std=c++14;-gencode;arch=compute_70,code=sm_70;-use_fast_math;-D_FORCE_INLINES;-mavx2 -mfma -Wall -Wextra -Wno-missing-field-initializers -Wpointer-arith -Wmissing-declarations -Wundef -Wstringop-truncation -fexcess-precision=fast -funroll-all-loops -Wno-array-bounds -fopenmp -mtune=generic -march=x86-64 -O2 -pipe -mavx -DNDEBUG
CUDA driver:        11.30
CUDA runtime:       11.0


Running on 1 node with total 8 cores, 16 logical cores, 2 compatible GPUs
Hardware detected:
  CPU info:
    Vendor: AMD
    Brand:  AMD Ryzen 7 2700X Eight-Core Processor         
    Family: 23   Model: 8   Stepping: 2
    Features: aes amd apic avx avx2 clfsh cmov cx8 cx16 f16c fma htt lahf misalignsse mmx msr nonstop_tsc pclmuldq pdpe1gb popcnt pse rdrnd rdtscp sha sse2 sse3 sse4a sse4.1 sse4.2 ssse3
  Hardware topology: Basic
    Sockets, cores, and logical processors:
      Socket  0: [   0   1] [   2   3] [   4   5] [   6   7] [   8   9] [  10  11] [  12  13] [  14  15]
  GPU info:
    Number of GPUs detected: 2
    #0: NVIDIA NVIDIA GeForce RTX 2070, compute cap.: 7.5, ECC:  no, stat: compatible
    #1: NVIDIA NVIDIA GeForce RTX 2070, compute cap.: 7.5, ECC:  no, stat: compatible


++++ PLEASE READ AND CITE THE FOLLOWING REFERENCE ++++
M. J. Abraham, T. Murtola, R. Schulz, S. Páll, J. C. Smith, B. Hess, E.
Lindahl
GROMACS: High performance molecular simulations through multi-level
parallelism from laptops to supercomputers
SoftwareX 1 (2015) pp. 19-25
-------- -------- --- Thank You --- -------- --------


++++ PLEASE READ AND CITE THE FOLLOWING REFERENCE ++++
S. Páll, M. J. Abraham, C. Kutzner, B. Hess, E. Lindahl
Tackling Exascale Software Challenges in Molecular Dynamics Simulations with
GROMACS
In S. Markidis & E. Laure (Eds.), Solving Software Challenges for Exascale 8759 (2015) pp. 3-27
-------- -------- --- Thank You --- -------- --------


++++ PLEASE READ AND CITE THE FOLLOWING REFERENCE ++++
S. Pronk, S. Páll, R. Schulz, P. Larsson, P. Bjelkmar, R. Apostolov, M. R.
Shirts, J. C. Smith, P. M. Kasson, D. van der Spoel, B. Hess, and E. Lindahl
GROMACS 4.5: a high-throughput and highly parallel open source molecular
simulation toolkit
Bioinformatics 29 (2013) pp. 845-54
-------- -------- --- Thank You --- -------- --------


++++ PLEASE READ AND CITE THE FOLLOWING REFERENCE ++++
B. Hess and C. Kutzner and D. van der Spoel and E. Lindahl
GROMACS 4: Algorithms for highly efficient, load-balanced, and scalable
molecular simulation
J. Chem. Theory Comput. 4 (2008) pp. 435-447
-------- -------- --- Thank You --- -------- --------


++++ PLEASE READ AND CITE THE FOLLOWING REFERENCE ++++
D. van der Spoel, E. Lindahl, B. Hess, G. Groenhof, A. E. Mark and H. J. C.
Berendsen
GROMACS: Fast, Flexible and Free
J. Comp. Chem. 26 (2005) pp. 1701-1719
-------- -------- --- Thank You --- -------- --------


++++ PLEASE READ AND CITE THE FOLLOWING REFERENCE ++++
E. Lindahl and B. Hess and D. van der Spoel
GROMACS 3.0: A package for molecular simulation and trajectory analysis
J. Mol. Mod. 7 (2001) pp. 306-317
-------- -------- --- Thank You --- -------- --------


++++ PLEASE READ AND CITE THE FOLLOWING REFERENCE ++++
H. J. C. Berendsen, D. van der Spoel and R. van Drunen
GROMACS: A message-passing parallel molecular dynamics implementation
Comp. Phys. Comm. 91 (1995) pp. 43-56
-------- -------- --- Thank You --- -------- --------


++++ PLEASE CITE THE DOI FOR THIS VERSION OF GROMACS ++++
https://doi.org/10.5281/zenodo.3773801
-------- -------- --- Thank You --- -------- --------

Input Parameters:
   integrator                     = md
   tinit                          = 0
   dt                             = 0.002
   nsteps                         = 50000
   init-step                      = 0
   simulation-part                = 1
   comm-mode                      = Linear
   nstcomm                        = 100
   bd-fric                        = 0
   ld-seed                        = 306843716
   emtol                          = 10
   emstep                         = 0.01
   niter                          = 20
   fcstep                         = 0
   nstcgsteep                     = 1000
   nbfgscorr                      = 10
   rtpi                           = 0.05
   nstxout                        = 5000
   nstvout                        = 5000
   nstfout                        = 0
   nstlog                         = 5000
   nstcalcenergy                  = 100
   nstenergy                      = 5000
   nstxout-compressed             = 1000
   compressed-x-precision         = 1000
   cutoff-scheme                  = Verlet
   nstlist                        = 10
   pbc                            = xyz
   periodic-molecules             = false
   verlet-buffer-tolerance        = 0.005
   rlist                          = 1
   coulombtype                    = PME
   coulomb-modifier               = Potential-shift
   rcoulomb-switch                = 0
   rcoulomb                       = 1
   epsilon-r                      = 1
   epsilon-rf                     = inf
   vdw-type                       = Cut-off
   vdw-modifier                   = Potential-shift
   rvdw-switch                    = 0
   rvdw                           = 1
   DispCorr                       = EnerPres
   table-extension                = 1
   fourierspacing                 = 0.12
   fourier-nx                     = 60
   fourier-ny                     = 60
   fourier-nz                     = 60
   pme-order                      = 4
   ewald-rtol                     = 1e-05
   ewald-rtol-lj                  = 0.001
   lj-pme-comb-rule               = Geometric
   ewald-geometry                 = 0
   epsilon-surface                = 0
   tcoupl                         = V-rescale
   nsttcouple                     = 10
   nh-chain-length                = 0
   print-nose-hoover-chain-variables = false
   pcoupl                         = Parrinello-Rahman
   pcoupltype                     = Isotropic
   nstpcouple                     = 10
   tau-p                          = 1
   compressibility (3x3):
      compressibility[    0]={ 4.50000e-05,  0.00000e+00,  0.00000e+00}
      compressibility[    1]={ 0.00000e+00,  4.50000e-05,  0.00000e+00}
      compressibility[    2]={ 0.00000e+00,  0.00000e+00,  4.50000e-05}
   ref-p (3x3):
      ref-p[    0]={ 1.00000e+00,  0.00000e+00,  0.00000e+00}
      ref-p[    1]={ 0.00000e+00,  1.00000e+00,  0.00000e+00}
      ref-p[    2]={ 0.00000e+00,  0.00000e+00,  1.00000e+00}
   refcoord-scaling               = COM
   posres-com (3):
      posres-com[0]= 0.00000e+00
      posres-com[1]= 0.00000e+00
      posres-com[2]= 0.00000e+00
   posres-comB (3):
      posres-comB[0]= 0.00000e+00
      posres-comB[1]= 0.00000e+00
      posres-comB[2]= 0.00000e+00
   QMMM                           = false
   QMconstraints                  = 0
   QMMMscheme                     = 0
   MMChargeScaleFactor            = 1
qm-opts:
   ngQM                           = 0
   constraint-algorithm           = Lincs
   continuation                   = true
   Shake-SOR                      = false
   shake-tol                      = 0.0001
   lincs-order                    = 4
   lincs-iter                     = 1
   lincs-warnangle                = 30
   nwall                          = 0
   wall-type                      = 9-3
   wall-r-linpot                  = -1
   wall-atomtype[0]               = -1
   wall-atomtype[1]               = -1
   wall-density[0]                = 0
   wall-density[1]                = 0
   wall-ewald-zfac                = 3
   pull                           = false
   awh                            = false
   rotation                       = false
   interactiveMD                  = false
   disre                          = No
   disre-weighting                = Conservative
   disre-mixed                    = false
   dr-fc                          = 1000
   dr-tau                         = 0
   nstdisreout                    = 100
   orire-fc                       = 0
   orire-tau                      = 0
   nstorireout                    = 100
   free-energy                    = no
   cos-acceleration               = 0
   deform (3x3):
      deform[    0]={ 0.00000e+00,  0.00000e+00,  0.00000e+00}
      deform[    1]={ 0.00000e+00,  0.00000e+00,  0.00000e+00}
      deform[    2]={ 0.00000e+00,  0.00000e+00,  0.00000e+00}
   simulated-tempering            = false
   swapcoords                     = no
   userint1                       = 0
   userint2                       = 0
   userint3                       = 0
   userint4                       = 0
   userreal1                      = 0
   userreal2                      = 0
   userreal3                      = 0
   userreal4                      = 0
   applied-forces:
     electric-field:
       x:
         E0                       = 0
         omega                    = 0
         t0                       = 0
         sigma                    = 0
       y:
         E0                       = 0
         omega                    = 0
         t0                       = 0
         sigma                    = 0
       z:
         E0                       = 0
         omega                    = 0
         t0                       = 0
         sigma                    = 0
     density-guided-simulation:
       active                     = false
       group                      = protein
       similarity-measure         = inner-product
       atom-spreading-weight      = unity
       force-constant             = 1e+09
       gaussian-transform-spreading-width = 0.2
       gaussian-transform-spreading-range-in-multiples-of-width = 4
       reference-density-filename = reference.mrc
       nst                        = 1
       normalize-densities        = true
       adaptive-force-scaling     = false
       adaptive-force-scaling-time-constant = 4
grpopts:
   nrdf:     4920.79     63777.2
   ref-t:         300         300
   tau-t:         0.1         0.1
annealing:          No          No
annealing-npoints:           0           0
   acc:	           0           0           0
   nfreeze:           N           N           N
   energygrp-flags[  0]: 0

Changing nstlist from 10 to 100, rlist from 1 to 1.167


Initializing Domain Decomposition on 4 ranks
Dynamic load balancing: auto
Using update groups, nr 11645, average size 2.9 atoms, max. radius 0.104 nm
Minimum cell size due to atom displacement: 0.646 nm
Initial maximum distances in bonded interactions:
    two-body bonded interactions: 0.449 nm, LJ-14, atoms 1156 1405
  multi-body bonded interactions: 0.449 nm, Proper Dih., atoms 1156 1405
Minimum cell size due to bonded interactions: 0.494 nm
Scaling the initial minimum size with 1/0.8 (option -dds) = 1.25
Using 0 separate PME ranks
Optimizing the DD grid for 4 cells with a minimum initial size of 0.808 nm
The maximum allowed number of cells is: X 8 Y 8 Z 8
Domain decomposition grid 4 x 1 x 1, separate PME ranks 0
PME domain decomposition: 4 x 1 x 1
Domain decomposition rank 0, coordinates 0 0 0

The initial number of communication pulses is: X 1
The initial domain decomposition cell size is: X 1.74 nm

The maximum allowed distance for atom groups involved in interactions is:
                 non-bonded interactions           1.375 nm
(the following are initial values, they could change due to box deformation)
            two-body bonded interactions  (-rdd)   1.375 nm
          multi-body bonded interactions  (-rdd)   1.375 nm

When dynamic load balancing gets turned on, these settings will change to:
The maximum number of communication pulses is: X 1
The minimum size for domain decomposition cells is 1.375 nm
The requested allowed shrink of DD cells (option -dds) is: 0.80
The allowed shrink of domain decomposition cells is: X 0.79
The maximum allowed distance for atom groups involved in interactions is:
                 non-bonded interactions           1.375 nm
            two-body bonded interactions  (-rdd)   1.375 nm
          multi-body bonded interactions  (-rdd)   1.375 nm

On host 8afc530b9665 2 GPUs selected for this run.
Mapping of GPU IDs to the 4 GPU tasks in the 4 ranks on this node:
  PP:0,PP:0,PP:1,PP:1
PP tasks will do (non-perturbed) short-ranged and most bonded interactions on the GPU
PP task will update and constrain coordinates on the CPU
Using 4 MPI threads
Using 4 OpenMP threads per tMPI thread

Pinning threads with an auto-selected logical core stride of 1
System total charge: 0.000
Will do PME sum in reciprocal space for electrostatic interactions.

++++ PLEASE READ AND CITE THE FOLLOWING REFERENCE ++++
U. Essmann, L. Perera, M. L. Berkowitz, T. Darden, H. Lee and L. G. Pedersen 
A smooth particle mesh Ewald method
J. Chem. Phys. 103 (1995) pp. 8577-8592
-------- -------- --- Thank You --- -------- --------

Using a Gaussian width (1/beta) of 0.320163 nm for Ewald
Potential shift: LJ r^-12: -1.000e+00 r^-6: -1.000e+00, Ewald -1.000e-05
Initialized non-bonded Ewald tables, spacing: 9.33e-04 size: 1073

Generated table with 1083 data points for 1-4 COUL.
Tabscale = 500 points/nm
Generated table with 1083 data points for 1-4 LJ6.
Tabscale = 500 points/nm
Generated table with 1083 data points for 1-4 LJ12.
Tabscale = 500 points/nm

Using GPU 8x8 nonbonded short-range kernels

Using a dual 8x8 pair-list setup updated with dynamic, rolling pruning:
  outer list: updated every 100 steps, buffer 0.167 nm, rlist 1.167 nm
  inner list: updated every  10 steps, buffer 0.002 nm, rlist 1.002 nm
At tolerance 0.005 kJ/mol/ps per atom, equivalent classical 1x1 list would be:
  outer list: updated every 100 steps, buffer 0.319 nm, rlist 1.319 nm
  inner list: updated every  10 steps, buffer 0.043 nm, rlist 1.043 nm

Using Lorentz-Berthelot Lennard-Jones combination rule

Long Range LJ corr.: <C6> 3.1927e-04


Initializing LINear Constraint Solver

++++ PLEASE READ AND CITE THE FOLLOWING REFERENCE ++++
B. Hess and H. Bekker and H. J. C. Berendsen and J. G. E. M. Fraaije
LINCS: A Linear Constraint Solver for molecular simulations
J. Comp. Chem. 18 (1997) pp. 1463-1472
-------- -------- --- Thank You --- -------- --------

The number of constraints is 959

++++ PLEASE READ AND CITE THE FOLLOWING REFERENCE ++++
S. Miyamoto and P. A. Kollman
SETTLE: An Analytical Version of the SHAKE and RATTLE Algorithms for Rigid
Water Models
J. Comp. Chem. 13 (1992) pp. 952-962
-------- -------- --- Thank You --- -------- --------


Linking all bonded interactions to atoms

Intra-simulation communication will occur every 10 steps.

++++ PLEASE READ AND CITE THE FOLLOWING REFERENCE ++++
G. Bussi, D. Donadio and M. Parrinello
Canonical sampling through velocity rescaling
J. Chem. Phys. 126 (2007) pp. 014101
-------- -------- --- Thank You --- -------- --------

There are: 33836 Atoms
Atom distribution over 4 domains: av 8459 stddev 113 min 8311 max 8617

NOTE: DLB will not turn on during the first phase of PME tuning
Center of mass motion removal mode is Linear
We have the following groups for center of mass motion removal:
  0:  rest

Started mdrun on rank 0 Thu Sep  2 18:24:46 2021

           Step           Time
              0        0.00000

   Energies (kJ/mol)
           Bond          Angle    Proper Dih.  Improper Dih.          LJ-14
    1.62089e+03    3.95005e+03    5.16291e+03    2.14399e+02    1.87937e+03
     Coulomb-14        LJ (SR)  Disper. corr.   Coulomb (SR)   Coul. recip.
    1.60497e+04    9.28764e+04   -4.55838e+03   -6.45494e+05    3.02383e+03
      Potential    Kinetic En.   Total Energy  Conserved En.    Temperature
   -5.25275e+05    8.56117e+04   -4.39663e+05   -4.39643e+05    2.99768e+02
 Pres. DC (bar) Pressure (bar)   Constr. rmsd
   -2.25889e+02    1.27577e+02    2.73077e-06


DD  step 99 load imb.: force  0.4%
step 3300: timed with pme grid 60 60 60, coulomb cutoff 1.000: 602.7 M-cycles
step 3500: timed with pme grid 52 52 52, coulomb cutoff 1.114: 499.8 M-cycles
step 3700: timed with pme grid 48 48 48, coulomb cutoff 1.206: 430.0 M-cycles
step 3900: timed with pme grid 44 44 44, coulomb cutoff 1.316: 423.9 M-cycles
step 4100: timed with pme grid 40 40 40, coulomb cutoff 1.448: 403.2 M-cycles
step 4100: the domain decompostion limits the PME load balancing to a coulomb cut-off of 1.448
step 4300: timed with pme grid 40 40 40, coulomb cutoff 1.448: 387.6 M-cycles
step 4500: timed with pme grid 42 42 42, coulomb cutoff 1.379: 456.0 M-cycles
step 4700: timed with pme grid 44 44 44, coulomb cutoff 1.316: 412.3 M-cycles
step 4900: timed with pme grid 48 48 48, coulomb cutoff 1.206: 437.5 M-cycles

DD  step 4999 load imb.: force  1.4%
           Step           Time
           5000       10.00000

   Energies (kJ/mol)
           Bond          Angle    Proper Dih.  Improper Dih.          LJ-14
    1.56254e+03    3.97650e+03    5.15975e+03    2.38610e+02    1.82042e+03
     Coulomb-14        LJ (SR)  Disper. corr.   Coulomb (SR)   Coul. recip.
    1.60090e+04    9.41982e+04   -4.55427e+03   -6.46588e+05    9.15530e+02
      Potential    Kinetic En.   Total Energy  Conserved En.    Temperature
   -5.27262e+05    8.55196e+04   -4.41742e+05   -4.39607e+05    2.99445e+02
 Pres. DC (bar) Pressure (bar)   Constr. rmsd
   -2.25482e+02   -6.93917e+01    2.60429e-06

step 5100: timed with pme grid 40 40 40, coulomb cutoff 1.448: 427.8 M-cycles
step 5300: timed with pme grid 44 44 44, coulomb cutoff 1.316: 415.4 M-cycles
step 5500: timed with pme grid 48 48 48, coulomb cutoff 1.206: 434.2 M-cycles
              optimal pme grid 40 40 40, coulomb cutoff 1.448

NOTE: DLB can now turn on, when beneficial

DD  step 9999 load imb.: force  1.5%
           Step           Time
          10000       20.00000

   Energies (kJ/mol)
           Bond          Angle    Proper Dih.  Improper Dih.          LJ-14
    1.62074e+03    3.99909e+03    5.09111e+03    3.03516e+02    1.88564e+03
     Coulomb-14        LJ (SR)  Disper. corr.   Coulomb (SR)   Coul. recip.
    1.60388e+04    9.35445e+04   -4.55951e+03   -6.44698e+05    9.08937e+02
      Potential    Kinetic En.   Total Energy  Conserved En.    Temperature
   -5.25866e+05    8.61166e+04   -4.39749e+05   -4.39543e+05    3.01536e+02
 Pres. DC (bar) Pressure (bar)   Constr. rmsd
   -2.26001e+02    4.13230e+01    2.63480e-06


DD  step 14999 load imb.: force  0.9%
           Step           Time
          15000       30.00000

   Energies (kJ/mol)
           Bond          Angle    Proper Dih.  Improper Dih.          LJ-14
    1.53199e+03    3.86331e+03    5.04152e+03    2.38361e+02    1.90263e+03
     Coulomb-14        LJ (SR)  Disper. corr.   Coulomb (SR)   Coul. recip.
    1.61576e+04    9.39052e+04   -4.54857e+03   -6.45555e+05    8.40575e+02
      Potential    Kinetic En.   Total Energy  Conserved En.    Temperature
   -5.26622e+05    8.44893e+04   -4.42133e+05   -4.39541e+05    2.95838e+02
 Pres. DC (bar) Pressure (bar)   Constr. rmsd
   -2.24919e+02    1.28462e+00    2.82039e-06


DD  step 19999 load imb.: force  1.6%
           Step           Time
          20000       40.00000

   Energies (kJ/mol)
           Bond          Angle    Proper Dih.  Improper Dih.          LJ-14
    1.57536e+03    4.05082e+03    5.11624e+03    2.68416e+02    1.85704e+03
     Coulomb-14        LJ (SR)  Disper. corr.   Coulomb (SR)   Coul. recip.
    1.58798e+04    9.42390e+04   -4.57039e+03   -6.45480e+05    9.53302e+02
      Potential    Kinetic En.   Total Energy  Conserved En.    Temperature
   -5.26110e+05    8.56860e+04   -4.40424e+05   -4.39492e+05    3.00028e+02
 Pres. DC (bar) Pressure (bar)   Constr. rmsd
   -2.27080e+02    1.82986e+02    2.63532e-06


DD  step 24999 load imb.: force  0.6%
           Step           Time
          25000       50.00000

   Energies (kJ/mol)
           Bond          Angle    Proper Dih.  Improper Dih.          LJ-14
    1.74996e+03    3.94729e+03    5.17763e+03    2.70159e+02    1.87321e+03
     Coulomb-14        LJ (SR)  Disper. corr.   Coulomb (SR)   Coul. recip.
    1.59221e+04    9.23844e+04   -4.54548e+03   -6.43012e+05    9.29790e+02
      Potential    Kinetic En.   Total Energy  Conserved En.    Temperature
   -5.25303e+05    8.62068e+04   -4.39096e+05   -4.39449e+05    3.01851e+02
 Pres. DC (bar) Pressure (bar)   Constr. rmsd
   -2.24614e+02   -2.19096e+02    2.78616e-06


DD  step 29999 load imb.: force  1.7%
           Step           Time
          30000       60.00000

   Energies (kJ/mol)
           Bond          Angle    Proper Dih.  Improper Dih.          LJ-14
    1.53132e+03    3.95347e+03    5.04470e+03    2.39023e+02    1.89925e+03
     Coulomb-14        LJ (SR)  Disper. corr.   Coulomb (SR)   Coul. recip.
    1.61619e+04    9.36751e+04   -4.55931e+03   -6.45055e+05    9.15920e+02
      Potential    Kinetic En.   Total Energy  Conserved En.    Temperature
   -5.26194e+05    8.61409e+04   -4.40053e+05   -4.39404e+05    3.01621e+02
 Pres. DC (bar) Pressure (bar)   Constr. rmsd
   -2.25981e+02    6.66313e+01    2.89020e-06


DD  step 34999 load imb.: force  0.7%
           Step           Time
          35000       70.00000

   Energies (kJ/mol)
           Bond          Angle    Proper Dih.  Improper Dih.          LJ-14
    1.77178e+03    3.81412e+03    5.19949e+03    2.71762e+02    1.92253e+03
     Coulomb-14        LJ (SR)  Disper. corr.   Coulomb (SR)   Coul. recip.
    1.61798e+04    9.29967e+04   -4.55839e+03   -6.43800e+05    8.71785e+02
      Potential    Kinetic En.   Total Energy  Conserved En.    Temperature
   -5.25330e+05    8.67565e+04   -4.38574e+05   -4.39388e+05    3.03776e+02
 Pres. DC (bar) Pressure (bar)   Constr. rmsd
   -2.25890e+02   -1.26098e+02    2.87400e-06


DD  step 39999 load imb.: force  0.4%
           Step           Time
          40000       80.00000

   Energies (kJ/mol)
           Bond          Angle    Proper Dih.  Improper Dih.          LJ-14
    1.41359e+03    3.82241e+03    5.17895e+03    3.02339e+02    1.95177e+03
     Coulomb-14        LJ (SR)  Disper. corr.   Coulomb (SR)   Coul. recip.
    1.60823e+04    9.38873e+04   -4.54895e+03   -6.45121e+05    8.61791e+02
      Potential    Kinetic En.   Total Energy  Conserved En.    Temperature
   -5.26169e+05    8.54189e+04   -4.40750e+05   -4.39354e+05    2.99092e+02
 Pres. DC (bar) Pressure (bar)   Constr. rmsd
   -2.24957e+02    7.78770e+01    2.75909e-06


DD  step 44999 load imb.: force  0.6%
           Step           Time
          45000       90.00000

   Energies (kJ/mol)
           Bond          Angle    Proper Dih.  Improper Dih.          LJ-14
    1.68863e+03    3.85162e+03    5.17062e+03    2.40773e+02    1.94751e+03
     Coulomb-14        LJ (SR)  Disper. corr.   Coulomb (SR)   Coul. recip.
    1.61837e+04    9.23524e+04   -4.52758e+03   -6.43212e+05    8.61873e+02
      Potential    Kinetic En.   Total Energy  Conserved En.    Temperature
   -5.25443e+05    8.64677e+04   -4.38975e+05   -4.39297e+05    3.02765e+02
 Pres. DC (bar) Pressure (bar)   Constr. rmsd
   -2.22851e+02   -1.08116e+02    3.06270e-06


DD  step 49999 load imb.: force  1.2%
           Step           Time
          50000      100.00000

Writing checkpoint, step 50000 at Thu Sep  2 18:25:38 2021


   Energies (kJ/mol)
           Bond          Angle    Proper Dih.  Improper Dih.          LJ-14
    1.44171e+03    3.85645e+03    5.12334e+03    2.42817e+02    1.90365e+03
     Coulomb-14        LJ (SR)  Disper. corr.   Coulomb (SR)   Coul. recip.
    1.61367e+04    9.30444e+04   -4.54290e+03   -6.44885e+05    8.72316e+02
      Potential    Kinetic En.   Total Energy  Conserved En.    Temperature
   -5.26807e+05    8.51369e+04   -4.41670e+05   -4.39296e+05    2.98105e+02
 Pres. DC (bar) Pressure (bar)   Constr. rmsd
   -2.24359e+02   -7.22175e+01    2.56256e-06


	<======  ###############  ==>
	<====  A V E R A G E S  ====>
	<==  ###############  ======>

	Statistics over 50001 steps using 501 frames

   Energies (kJ/mol)
           Bond          Angle    Proper Dih.  Improper Dih.          LJ-14
    1.58357e+03    3.89001e+03    5.15125e+03    2.66685e+02    1.88193e+03
     Coulomb-14        LJ (SR)  Disper. corr.   Coulomb (SR)   Coul. recip.
    1.61291e+04    9.35479e+04   -4.55363e+03   -6.45162e+05    1.05678e+03
      Potential    Kinetic En.   Total Energy  Conserved En.    Temperature
   -5.26209e+05    8.57048e+04   -4.40504e+05   -4.39458e+05    3.00094e+02
 Pres. DC (bar) Pressure (bar)   Constr. rmsd
   -2.25421e+02    3.22170e+00    0.00000e+00

          Box-X          Box-Y          Box-Z
    6.95095e+00    6.95095e+00    6.95095e+00

   Total Virial (kJ/mol)
    2.86899e+04    1.59190e+02    1.12646e+02
    1.59277e+02    2.83985e+04    7.69055e+01
    1.13629e+02    7.71922e+01    2.85239e+04

   Pressure (bar)
   -1.05355e+01   -1.67407e+01   -1.17005e+01
   -1.67494e+01    1.72083e+01   -8.80410e+00
   -1.17981e+01   -8.83264e+00    2.99229e+00

      T-Protein  T-non-Protein
    3.00522e+02    3.00061e+02


       P P   -   P M E   L O A D   B A L A N C I N G

 NOTE: The PP/PME load balancing was limited by the domain decompostion,
       you might not have reached a good load balance.
       Try different mdrun -dd settings or lower the -dds value.

 PP/PME load balancing changed the cut-off and PME settings:
           particle-particle                    PME
            rcoulomb  rlist            grid      spacing   1/beta
   initial  1.000 nm  1.002 nm      60  60  60   0.116 nm  0.320 nm
   final    1.448 nm  1.450 nm      40  40  40   0.174 nm  0.463 nm
 cost-ratio           3.03             0.30
 (note that these numbers concern only part of the total PP and PME load)


	M E G A - F L O P S   A C C O U N T I N G

 NB=Group-cutoff nonbonded kernels    NxN=N-by-N cluster Verlet kernels
 RF=Reaction-Field  VdW=Van der Waals  QSTab=quadratic-spline table
 W3=SPC/TIP3p  W4=TIP4p (single or pairs)
 V&F=Potential and force  V=Potential only  F=Force only

 Computing:                               M-Number         M-Flops  % Flops
-----------------------------------------------------------------------------
 Pair Search distance check            2466.194688       22195.752     0.0
 NxN Ewald Elec. + LJ [F]           3323654.737920   219361212.703    97.4
 NxN Ewald Elec. + LJ [V&F]           33642.296320     3599725.706     1.6
 Calc Weights                          5075.501508      182718.054     0.1
 Spread Q Bspline                    108277.365504      216554.731     0.1
 Gather F Bspline                    108277.365504      649664.193     0.3
 3D-FFT                              122770.883420      982167.067     0.4
 Solve PME                               87.479200        5598.669     0.0
 Reset In Box                            16.918000          50.754     0.0
 CG-CoM                                  16.951836          50.856     0.0
 Virial                                 170.114016        3062.052     0.0
 Stop-CM                                 16.951836         169.518     0.0
 Calc-Ekin                              338.427672        9137.547     0.0
 Lincs                                   47.950959        2877.058     0.0
 Lincs-Mat                              238.804776         955.219     0.0
 Constraint-V                          1688.333766       13506.670     0.0
 Constraint-Vir                         164.067807        3937.627     0.0
 Settle                                 530.810616      171451.829     0.1
-----------------------------------------------------------------------------
 Total                                               225225036.006   100.0
-----------------------------------------------------------------------------


    D O M A I N   D E C O M P O S I T I O N   S T A T I S T I C S

 av. #atoms communicated per step for force:  2 x 28973.9


Dynamic load balancing report:
 DLB was off during the run due to low measured imbalance.
 Average load imbalance: 1.0%.
 The balanceable part of the MD step is 52%, load imbalance is computed from this.
 Part of the total run time spent waiting due to load imbalance: 0.5%.


     R E A L   C Y C L E   A N D   T I M E   A C C O U N T I N G

On 4 MPI ranks, each using 4 OpenMP threads

 Computing:          Num   Num      Call    Wall time         Giga-Cycles
                     Ranks Threads  Count      (s)         total sum    %
-----------------------------------------------------------------------------
 Domain decomp.         4    4        500       0.939         59.981   1.8
 DD comm. load          4    4         12       0.000          0.004   0.0
 Neighbor search        4    4        501       1.168         74.642   2.2
 Launch GPU ops.        4    4     100002       4.466        285.263   8.5
 Comm. coord.           4    4      49500       2.163        138.163   4.1
 Force                  4    4      50001       0.877         56.029   1.7
 Wait + Comm. F         4    4      50001       1.813        115.793   3.5
 PME mesh               4    4      50001      32.334       2065.511  61.9
 Wait Bonded GPU        4    4        501       0.000          0.024   0.0
 Wait GPU NB nonloc.    4    4      50001       0.343         21.914   0.7
 Wait GPU NB local      4    4      50001       0.070          4.500   0.1
 NB X/F buffer ops.     4    4     199002       3.135        200.289   6.0
 Write traj.            4    4         51       0.072          4.593   0.1
 Update                 4    4      50001       0.851         54.354   1.6
 Constraints            4    4      50001       2.423        154.762   4.6
 Comm. energies         4    4       5001       0.278         17.741   0.5
 Rest                                           1.319         84.239   2.5
-----------------------------------------------------------------------------
 Total                                         52.251       3337.801 100.0
-----------------------------------------------------------------------------
 Breakdown of PME mesh computation
-----------------------------------------------------------------------------
 PME redist. X/F        4    4     100002       6.014        384.191  11.5
 PME spread             4    4      50001       9.382        599.332  18.0
 PME gather             4    4      50001       6.915        441.708  13.2
 PME 3D-FFT             4    4     100002       7.458        476.413  14.3
 PME 3D-FFT Comm.       4    4     100002       1.590        101.544   3.0
 PME solve Elec         4    4      50001       0.893         57.065   1.7
-----------------------------------------------------------------------------

               Core t (s)   Wall t (s)        (%)
       Time:      836.012       52.251     1600.0
                 (ns/day)    (hour/ns)
Performance:      165.359        0.145
Finished mdrun on rank 0 Thu Sep  2 18:25:38 2021

