2021-09-02 18:18:11,968 [MainThread  ] [INFO ]  GROMACS Grompp 2020220200430578835 version detected
2021-09-02 18:18:11,971 [MainThread  ] [INFO ]  Extracting: /opt/notebooks/biobb_wf_md_setup/biobb_wf_md_setup/notebooks/1AKI_genion_top.zip
2021-09-02 18:18:11,971 [MainThread  ] [INFO ]  to:
2021-09-02 18:18:11,972 [MainThread  ] [INFO ]  ['e7998dd2-fba5-41bb-9ba7-178075266583/p2g.top', 'e7998dd2-fba5-41bb-9ba7-178075266583/posre.itp']
2021-09-02 18:18:11,972 [MainThread  ] [INFO ]  Unzipping: 
2021-09-02 18:18:11,973 [MainThread  ] [INFO ]  1AKI_genion_top.zip
2021-09-02 18:18:11,973 [MainThread  ] [INFO ]  To: 
2021-09-02 18:18:11,973 [MainThread  ] [INFO ]  e7998dd2-fba5-41bb-9ba7-178075266583/p2g.top
2021-09-02 18:18:11,974 [MainThread  ] [INFO ]  e7998dd2-fba5-41bb-9ba7-178075266583/posre.itp
2021-09-02 18:18:11,975 [MainThread  ] [INFO ]  Not using any container
2021-09-02 18:18:12,384 [MainThread  ] [INFO ]  gmx -nobackup -nocopyright grompp -f 7a4f1905-00b3-4b3c-b30f-7804d9f39b9f/grompp.mdp -c 1AKI_min.gro -r 1AKI_min.gro -p e7998dd2-fba5-41bb-9ba7-178075266583/p2g.top -o 1AKI_gppnvt.tpr -po mdout.mdp -maxwarn 0

2021-09-02 18:18:12,385 [MainThread  ] [INFO ]  Exit code 0

2021-09-02 18:18:12,386 [MainThread  ] [INFO ]  turning H bonds into constraints...
turning H bonds into constraints...
turning H bonds into constraints...
turning H bonds into constraints...
Analysing residue names:
There are:   129    Protein residues
There are: 10616      Water residues
There are:    28        Ion residues
Analysing Protein...
Analysing residues not classified as Protein/DNA/RNA/Water and splitting into groups...
Determining Verlet buffer for a tolerance of 0.005 kJ/mol/ps at 300 K
Calculated rlist for 1x1 atom pair-list as 1.035 nm, buffer size 0.035 nm
Set rlist, assuming 4x4 atom pair-list, to 1.000 nm, buffer size 0.000 nm
Note that mdrun will redetermine rlist based on the actual pair-list setup
Calculating fourier grid dimensions for X Y Z
Using a fourier grid of 60x60x60, spacing 0.117 0.117 0.117
This run will generate roughly 12 Mb of data

2021-09-02 18:18:12,389 [MainThread  ] [INFO ]  Removed: ['mdout.mdp', 'e7998dd2-fba5-41bb-9ba7-178075266583', '7a4f1905-00b3-4b3c-b30f-7804d9f39b9f']
