2021-09-02 18:21:43,607 [MainThread  ] [INFO ]         :-) GROMACS - gmx energy, 2020.2-dev-20200430-5e78835-unknown (-:

                            GROMACS is written by:
     Emile Apol      Rossen Apostolov      Paul Bauer     Herman J.C. Berendsen
    Par Bjelkmar      Christian Blau   Viacheslav Bolnykh     Kevin Boyd    
 Aldert van Buuren   Rudi van Drunen     Anton Feenstra       Alan Gray     
  Gerrit Groenhof     Anca Hamuraru    Vincent Hindriksen  M. Eric Irrgang  
  Aleksei Iupinov   Christoph Junghans     Joe Jordan     Dimitrios Karkoulis
    Peter Kasson        Jiri Kraus      Carsten Kutzner      Per Larsson    
  Justin A. Lemkul    Viveca Lindahl    Magnus Lundborg     Erik Marklund   
    Pascal Merz     Pieter Meulenhoff    Teemu Murtola       Szilard Pall   
    Sander Pronk      Roland Schulz      Michael Shirts    Alexey Shvetsov  
   Alfons Sijbers     Peter Tieleman      Jon Vincent      Teemu Virolainen 
 Christian Wennberg    Maarten Wolf      Artem Zhmurov   
                           and the project leaders:
        Mark Abraham, Berk Hess, Erik Lindahl, and David van der Spoel

Copyright (c) 1991-2000, University of Groningen, The Netherlands.
Copyright (c) 2001-2019, The GROMACS development team at
Uppsala University, Stockholm University and
the Royal Institute of Technology, Sweden.
check out http://www.gromacs.org for more information.

GROMACS is free software; you can redistribute it and/or modify it
under the terms of the GNU Lesser General Public License
as published by the Free Software Foundation; either version 2.1
of the License, or (at your option) any later version.

GROMACS:      gmx energy, version 2020.2-dev-20200430-5e78835-unknown
Executable:   /usr/local/gromacs//sm70/bin/gmx
Data prefix:  /usr/local/gromacs//sm70
Working dir:  /opt/notebooks/biobb_wf_md_setup/biobb_wf_md_setup/notebooks
Command line:
  gmx energy -f /opt/notebooks/biobb_wf_md_setup/biobb_wf_md_setup/notebooks/1AKI_nvt.edr -o 1AKI_nvt_temp.xvg -xvg none

Opened /opt/notebooks/biobb_wf_md_setup/biobb_wf_md_setup/notebooks/1AKI_nvt.edr as single precision energy file

Select the terms you want from the following list by
selecting either (part of) the name or the number or a combination.
End your selection with an empty line or a zero.
-------------------------------------------------------------------
  1  Bond             2  Angle            3  Proper-Dih.      4  Improper-Dih. 
  5  LJ-14            6  Coulomb-14       7  LJ-(SR)          8  Disper.-corr. 
  9  Coulomb-(SR)    10  Coul.-recip.    11  Position-Rest.  12  Potential     
 13  Kinetic-En.     14  Total-Energy    15  Conserved-En.   16  Temperature   
 17  Pres.-DC        18  Pressure        19  Constr.-rmsd    20  Vir-XX        
 21  Vir-XY          22  Vir-XZ          23  Vir-YX          24  Vir-YY        
 25  Vir-YZ          26  Vir-ZX          27  Vir-ZY          28  Vir-ZZ        
 29  Pres-XX         30  Pres-XY         31  Pres-XZ         32  Pres-YX       
 33  Pres-YY         34  Pres-YZ         35  Pres-ZX         36  Pres-ZY       
 37  Pres-ZZ         38  #Surf*SurfTen   39  T-Protein       40  T-non-Protein 
 41  Lamb-Protein                        42  Lamb-non-Protein                  

Reading energy frame      0 time    0.000         Reading energy frame      1 time    1.000         Reading energy frame      2 time    2.000         Reading energy frame      3 time    3.000         Reading energy frame      4 time    4.000         Reading energy frame      5 time    5.000         Reading energy frame      6 time    6.000         Reading energy frame      7 time    7.000         Reading energy frame      8 time    8.000         Reading energy frame      9 time    9.000         Reading energy frame     10 time   10.000         Last energy frame read 10 time   10.000         

GROMACS reminds you: "Oh, There Goes Gravity" (Eminem)


