2021-09-02 18:24:39,324 [MainThread  ] [INFO ]  GROMACS Grompp 2020220200430578835 version detected
2021-09-02 18:24:39,328 [MainThread  ] [INFO ]  Extracting: /opt/notebooks/biobb_wf_md_setup/biobb_wf_md_setup/notebooks/1AKI_genion_top.zip
2021-09-02 18:24:39,328 [MainThread  ] [INFO ]  to:
2021-09-02 18:24:39,329 [MainThread  ] [INFO ]  ['c83f2c86-f0cb-4c7e-a07b-f0f55bd733c9/p2g.top', 'c83f2c86-f0cb-4c7e-a07b-f0f55bd733c9/posre.itp']
2021-09-02 18:24:39,329 [MainThread  ] [INFO ]  Unzipping: 
2021-09-02 18:24:39,330 [MainThread  ] [INFO ]  1AKI_genion_top.zip
2021-09-02 18:24:39,330 [MainThread  ] [INFO ]  To: 
2021-09-02 18:24:39,331 [MainThread  ] [INFO ]  c83f2c86-f0cb-4c7e-a07b-f0f55bd733c9/p2g.top
2021-09-02 18:24:39,332 [MainThread  ] [INFO ]  c83f2c86-f0cb-4c7e-a07b-f0f55bd733c9/posre.itp
2021-09-02 18:24:39,333 [MainThread  ] [INFO ]  Not using any container
2021-09-02 18:24:39,643 [MainThread  ] [INFO ]  gmx -nobackup -nocopyright grompp -f bc9e60bb-b01d-4c23-88d5-67c7f6d51a88/grompp.mdp -c 1AKI_npt.gro -r 1AKI_npt.gro -p c83f2c86-f0cb-4c7e-a07b-f0f55bd733c9/p2g.top -o 1AKI_gppmd.tpr -po mdout.mdp -maxwarn 0 -t 1AKI_npt.cpt

2021-09-02 18:24:39,645 [MainThread  ] [INFO ]  Exit code 0

2021-09-02 18:24:39,645 [MainThread  ] [INFO ]  turning H bonds into constraints...
turning H bonds into constraints...
turning H bonds into constraints...
turning H bonds into constraints...
Analysing residue names:
There are:   129    Protein residues
There are: 10616      Water residues
There are:    28        Ion residues
Analysing Protein...
Analysing residues not classified as Protein/DNA/RNA/Water and splitting into groups...
Determining Verlet buffer for a tolerance of 0.005 kJ/mol/ps at 300 K
Calculated rlist for 1x1 atom pair-list as 1.035 nm, buffer size 0.035 nm
Set rlist, assuming 4x4 atom pair-list, to 1.000 nm, buffer size 0.000 nm
Note that mdrun will redetermine rlist based on the actual pair-list setup
Calculating fourier grid dimensions for X Y Z
Using a fourier grid of 60x60x60, spacing 0.116 0.116 0.116
This run will generate roughly 19 Mb of data

2021-09-02 18:24:39,648 [MainThread  ] [INFO ]  Removed: ['mdout.mdp', 'c83f2c86-f0cb-4c7e-a07b-f0f55bd733c9', 'bc9e60bb-b01d-4c23-88d5-67c7f6d51a88']
