2021-09-02 18:13:28,278 [MainThread  ] [INFO ]  GROMACS Pdb2gmx 2020220200430578835 version detected
2021-09-02 18:13:28,279 [MainThread  ] [INFO ]  Not using any container
2021-09-02 18:13:28,989 [MainThread  ] [INFO ]  gmx -nobackup -nocopyright pdb2gmx -f 1AKI_fixed.pdb -o 1AKI_pdb2gmx.gro -p p2g.top -water spce -ff amber99sb-ildn -i posre.itp

2021-09-02 18:13:28,990 [MainThread  ] [INFO ]  Exit code 0

2021-09-02 18:13:28,991 [MainThread  ] [INFO ]  
Using the Amber99sb-ildn force field in directory amber99sb-ildn.ff

going to rename amber99sb-ildn.ff/aminoacids.r2b
going to rename amber99sb-ildn.ff/dna.r2b
going to rename amber99sb-ildn.ff/rna.r2b
Reading 1AKI_fixed.pdb...
Read '', 1001 atoms
Analyzing pdb file
Splitting chemical chains based on TER records or chain id changing.
There are 1 chains and 0 blocks of water and 129 residues with 1001 atoms

  chain  #res #atoms
  1 'A'   129   1001  

Reading residue database... (Amber99sb-ildn)
Processing chain 1 'A' (1001 atoms, 129 residues)
Identified residue LYS1 as a starting terminus.
Identified residue LEU129 as a ending terminus.
Checking for duplicate atoms....
Generating any missing hydrogen atoms and/or adding termini.
Now there are 129 residues with 1960 atoms
		--------- PLEASE NOTE ------------
You have successfully generated a topology from: 1AKI_fixed.pdb.
The Amber99sb-ildn force field and the spce water model are used.
		--------- ETON ESAELP ------------

2021-09-02 18:13:28,992 [MainThread  ] [INFO ]  Compressing topology to: 1AKI_pdb2gmx_top.zip
2021-09-02 18:13:28,993 [MainThread  ] [INFO ]  Ignored file amber99sb-ildn.ff/forcefield.itp
2021-09-02 18:13:29,001 [MainThread  ] [INFO ]  Ignored file amber99sb-ildn.ff/spce.itp
2021-09-02 18:13:29,002 [MainThread  ] [INFO ]  Ignored file amber99sb-ildn.ff/ions.itp
2021-09-02 18:13:29,004 [MainThread  ] [INFO ]  Adding:
2021-09-02 18:13:29,004 [MainThread  ] [INFO ]  ['p2g.top', 'posre.itp']
2021-09-02 18:13:29,005 [MainThread  ] [INFO ]  to: /opt/notebooks/biobb_wf_md_setup/biobb_wf_md_setup/notebooks/1AKI_pdb2gmx_top.zip
2021-09-02 18:13:29,005 [MainThread  ] [INFO ]  Removed: ['p2g.top', 'posre.itp']
