2021-09-02 18:26:17,264 [MainThread  ] [INFO ]         :-) GROMACS - gmx trjconv, 2020.2-dev-20200430-5e78835-unknown (-:

                            GROMACS is written by:
     Emile Apol      Rossen Apostolov      Paul Bauer     Herman J.C. Berendsen
    Par Bjelkmar      Christian Blau   Viacheslav Bolnykh     Kevin Boyd    
 Aldert van Buuren   Rudi van Drunen     Anton Feenstra       Alan Gray     
  Gerrit Groenhof     Anca Hamuraru    Vincent Hindriksen  M. Eric Irrgang  
  Aleksei Iupinov   Christoph Junghans     Joe Jordan     Dimitrios Karkoulis
    Peter Kasson        Jiri Kraus      Carsten Kutzner      Per Larsson    
  Justin A. Lemkul    Viveca Lindahl    Magnus Lundborg     Erik Marklund   
    Pascal Merz     Pieter Meulenhoff    Teemu Murtola       Szilard Pall   
    Sander Pronk      Roland Schulz      Michael Shirts    Alexey Shvetsov  
   Alfons Sijbers     Peter Tieleman      Jon Vincent      Teemu Virolainen 
 Christian Wennberg    Maarten Wolf      Artem Zhmurov   
                           and the project leaders:
        Mark Abraham, Berk Hess, Erik Lindahl, and David van der Spoel

Copyright (c) 1991-2000, University of Groningen, The Netherlands.
Copyright (c) 2001-2019, The GROMACS development team at
Uppsala University, Stockholm University and
the Royal Institute of Technology, Sweden.
check out http://www.gromacs.org for more information.

GROMACS is free software; you can redistribute it and/or modify it
under the terms of the GNU Lesser General Public License
as published by the Free Software Foundation; either version 2.1
of the License, or (at your option) any later version.

GROMACS:      gmx trjconv, version 2020.2-dev-20200430-5e78835-unknown
Executable:   /usr/local/gromacs//sm70/bin/gmx
Data prefix:  /usr/local/gromacs//sm70
Working dir:  /opt/notebooks/biobb_wf_md_setup/biobb_wf_md_setup/notebooks
Command line:
  gmx trjconv -f /opt/notebooks/biobb_wf_md_setup/biobb_wf_md_setup/notebooks/1AKI_md.gro -s /opt/notebooks/biobb_wf_md_setup/biobb_wf_md_setup/notebooks/1AKI_gppmd.tpr -o 1AKI_md_dry.gro

Will write gro: Coordinate file in Gromos-87 format
Reading file /opt/notebooks/biobb_wf_md_setup/biobb_wf_md_setup/notebooks/1AKI_gppmd.tpr, VERSION 2020.2-dev-20200430-5e78835-unknown (single precision)
Reading file /opt/notebooks/biobb_wf_md_setup/biobb_wf_md_setup/notebooks/1AKI_gppmd.tpr, VERSION 2020.2-dev-20200430-5e78835-unknown (single precision)
Group     0 (         System) has 33836 elements
Group     1 (        Protein) has  1960 elements
Group     2 (      Protein-H) has  1001 elements
Group     3 (        C-alpha) has   129 elements
Group     4 (       Backbone) has   387 elements
Group     5 (      MainChain) has   517 elements
Group     6 (   MainChain+Cb) has   634 elements
Group     7 (    MainChain+H) has   646 elements
Group     8 (      SideChain) has  1314 elements
Group     9 (    SideChain-H) has   484 elements
Group    10 (    Prot-Masses) has  1960 elements
Group    11 (    non-Protein) has 31876 elements
Group    12 (          Water) has 31848 elements
Group    13 (            SOL) has 31848 elements
Group    14 (      non-Water) has  1988 elements
Group    15 (            Ion) has    28 elements
Group    16 (             NA) has    10 elements
Group    17 (             CL) has    18 elements
Group    18 ( Water_and_ions) has 31876 elements
Select a group: Reading frames from gro file 'Protein in water', 33836 atoms.
Reading frame       0 time    0.000   
Precision of /opt/notebooks/biobb_wf_md_setup/biobb_wf_md_setup/notebooks/1AKI_md.gro is 0.001 (nm)
 ->  frame      0 time    0.000      Last frame          0 time    0.000   


GROMACS reminds you: "It's an easy game, just don't let the ball past!" (Szilard Pall)


