2021-09-02 18:14:09,365 [MainThread  ] [INFO ]         :-) GROMACS - gmx solvate, 2020.2-dev-20200430-5e78835-unknown (-:

Executable:   /usr/local/gromacs//sm70/bin/gmx
Data prefix:  /usr/local/gromacs//sm70
Working dir:  /opt/notebooks/biobb_wf_md_setup/biobb_wf_md_setup/notebooks
Command line:
  gmx -nobackup -nocopyright solvate -cp 1AKI_editconf.gro -cs spc216.gro -o 1AKI_solvate.gro -p ab112505-9782-41d2-8a12-dbc7d5846a13/p2g.top

Reading solute configuration
Reading solvent configuration

Initialising inter-atomic distances...
Generating solvent configuration
Will generate new solvent configuration of 4x4x4 boxes
Solvent box contains 39252 atoms in 13084 residues
Removed 5451 solvent atoms due to solvent-solvent overlap
Removed 1869 solvent atoms due to solute-solvent overlap
Sorting configuration
Found 1 molecule type:
    SOL (   3 atoms): 10644 residues
Generated solvent containing 31932 atoms in 10644 residues
Writing generated configuration to 1AKI_solvate.gro

Output configuration contains 33892 atoms in 10773 residues
Volume                 :     344.484 (nm^3)
Density                :     997.935 (g/l)
Number of solvent molecules:  10644   

Processing topology

GROMACS reminds you: "I don't want to achieve immortality through my work... I want to achieve it through not dying!" (Woody Allen)


