2021-09-02 18:14:18,251 [MainThread  ] [INFO ]  GROMACS Grompp 2020220200430578835 version detected
2021-09-02 18:14:18,255 [MainThread  ] [INFO ]  Extracting: /opt/notebooks/biobb_wf_md_setup/biobb_wf_md_setup/notebooks/1AKI_solvate_top.zip
2021-09-02 18:14:18,256 [MainThread  ] [INFO ]  to:
2021-09-02 18:14:18,256 [MainThread  ] [INFO ]  ['1cb04395-3d01-4d4b-b151-5e2a417fc395/p2g.top', '1cb04395-3d01-4d4b-b151-5e2a417fc395/posre.itp']
2021-09-02 18:14:18,257 [MainThread  ] [INFO ]  Unzipping: 
2021-09-02 18:14:18,257 [MainThread  ] [INFO ]  1AKI_solvate_top.zip
2021-09-02 18:14:18,258 [MainThread  ] [INFO ]  To: 
2021-09-02 18:14:18,258 [MainThread  ] [INFO ]  1cb04395-3d01-4d4b-b151-5e2a417fc395/p2g.top
2021-09-02 18:14:18,259 [MainThread  ] [INFO ]  1cb04395-3d01-4d4b-b151-5e2a417fc395/posre.itp
2021-09-02 18:14:18,261 [MainThread  ] [INFO ]  Not using any container
2021-09-02 18:14:18,605 [MainThread  ] [INFO ]  gmx -nobackup -nocopyright grompp -f 85a4e95c-16f8-4d6f-b6ea-e4b1857be011/grompp.mdp -c 1AKI_solvate.gro -r 1AKI_solvate.gro -p 1cb04395-3d01-4d4b-b151-5e2a417fc395/p2g.top -o 1AKI_gppion.tpr -po mdout.mdp -maxwarn 1

2021-09-02 18:14:18,606 [MainThread  ] [INFO ]  Exit code 0

2021-09-02 18:14:18,606 [MainThread  ] [INFO ]  
++++ PLEASE READ AND CITE THE FOLLOWING REFERENCE ++++
J. S. Hub, B. L. de Groot, H. Grubmueller, G. Groenhof
Quantifying Artifacts in Ewald Simulations of Inhomogeneous Systems with a Net
Charge
J. Chem. Theory Comput. 10 (2014) pp. 381-393
-------- -------- --- Thank You --- -------- --------

Analysing residue names:
There are:   129    Protein residues
There are: 10644      Water residues
Analysing Protein...
Calculating fourier grid dimensions for X Y Z
Using a fourier grid of 60x60x60, spacing 0.117 0.117 0.117
This run will generate roughly 3 Mb of data

2021-09-02 18:14:18,608 [MainThread  ] [INFO ]  Removed: ['mdout.mdp', '1cb04395-3d01-4d4b-b151-5e2a417fc395', '85a4e95c-16f8-4d6f-b6ea-e4b1857be011']
