2021-09-02 18:14:23,402 [MainThread  ] [INFO ]  GROMACS Genion 2020220200430578835 version detected
2021-09-02 18:14:23,407 [MainThread  ] [INFO ]  Extracting: /opt/notebooks/biobb_wf_md_setup/biobb_wf_md_setup/notebooks/1AKI_solvate_top.zip
2021-09-02 18:14:23,407 [MainThread  ] [INFO ]  to:
2021-09-02 18:14:23,408 [MainThread  ] [INFO ]  ['b452766d-2714-4cb6-92a2-e50290d871ec/p2g.top', 'b452766d-2714-4cb6-92a2-e50290d871ec/posre.itp']
2021-09-02 18:14:23,409 [MainThread  ] [INFO ]  Unzipping: 
2021-09-02 18:14:23,410 [MainThread  ] [INFO ]  1AKI_solvate_top.zip
2021-09-02 18:14:23,411 [MainThread  ] [INFO ]  To: 
2021-09-02 18:14:23,412 [MainThread  ] [INFO ]  b452766d-2714-4cb6-92a2-e50290d871ec/p2g.top
2021-09-02 18:14:23,412 [MainThread  ] [INFO ]  b452766d-2714-4cb6-92a2-e50290d871ec/posre.itp
2021-09-02 18:14:23,412 [MainThread  ] [INFO ]  To reach up 0.05 mol/litre concentration
2021-09-02 18:14:23,413 [MainThread  ] [INFO ]  Not using any container
2021-09-02 18:14:23,482 [MainThread  ] [INFO ]  echo "SOL" | gmx -nobackup -nocopyright genion -s 1AKI_gppion.tpr -o 1AKI_genion.gro -p b452766d-2714-4cb6-92a2-e50290d871ec/p2g.top -neutral -conc 0.05 -seed 1993

2021-09-02 18:14:23,483 [MainThread  ] [INFO ]  Exit code 0

2021-09-02 18:14:23,483 [MainThread  ] [INFO ]  Will try to add 10 NA ions and 18 CL ions.
Select a continuous group of solvent molecules
Selected 13: 'SOL'

Processing topology
Replacing 28 solute molecules in topology file (b452766d-2714-4cb6-92a2-e50290d871ec/p2g.top)  by 10 NA and 18 CL ions.

2021-09-02 18:14:23,485 [MainThread  ] [INFO ]  Compressing topology to: 1AKI_genion_top.zip
2021-09-02 18:14:23,486 [MainThread  ] [INFO ]  Ignored file b452766d-2714-4cb6-92a2-e50290d871ec/amber99sb-ildn.ff/forcefield.itp
2021-09-02 18:14:23,494 [MainThread  ] [INFO ]  Ignored file b452766d-2714-4cb6-92a2-e50290d871ec/amber99sb-ildn.ff/spce.itp
2021-09-02 18:14:23,495 [MainThread  ] [INFO ]  Ignored file b452766d-2714-4cb6-92a2-e50290d871ec/amber99sb-ildn.ff/ions.itp
2021-09-02 18:14:23,497 [MainThread  ] [INFO ]  Adding:
2021-09-02 18:14:23,498 [MainThread  ] [INFO ]  ['b452766d-2714-4cb6-92a2-e50290d871ec/p2g.top', 'b452766d-2714-4cb6-92a2-e50290d871ec/posre.itp']
2021-09-02 18:14:23,498 [MainThread  ] [INFO ]  to: /opt/notebooks/biobb_wf_md_setup/biobb_wf_md_setup/notebooks/1AKI_genion_top.zip
2021-09-02 18:14:23,500 [MainThread  ] [INFO ]  Removed: ['b452766d-2714-4cb6-92a2-e50290d871ec']
