2021-09-02 18:14:32,801 [MainThread  ] [INFO ]         :-) GROMACS - gmx grompp, 2020.2-dev-20200430-5e78835-unknown (-:

Executable:   /usr/local/gromacs//sm70/bin/gmx
Data prefix:  /usr/local/gromacs//sm70
Working dir:  /opt/notebooks/biobb_wf_md_setup/biobb_wf_md_setup/notebooks
Command line:
  gmx -nobackup -nocopyright grompp -f d4ee0b1a-0604-4cf6-82b2-28600c7089e7/grompp.mdp -c 1AKI_genion.gro -r 1AKI_genion.gro -p df0817cc-d9d8-4b03-87b8-f1d7a2f93d1b/p2g.top -o 1AKI_gppmin.tpr -po mdout.mdp -maxwarn 0

Ignoring obsolete mdp entry 'ns-type'
Setting the LD random seed to -1806254783
Generated 2145 of the 2145 non-bonded parameter combinations
Generating 1-4 interactions: fudge = 0.5
Generated 2145 of the 2145 1-4 parameter combinations
Excluding 3 bonded neighbours molecule type 'Protein_chain_A'
Excluding 2 bonded neighbours molecule type 'SOL'
Excluding 1 bonded neighbours molecule type 'NA'
Excluding 1 bonded neighbours molecule type 'CL'
Number of degrees of freedom in T-Coupling group rest is 69657.00

NOTE 1 [file d4ee0b1a-0604-4cf6-82b2-28600c7089e7/grompp.mdp]:
  Removing center of mass motion in the presence of position restraints
  might cause artifacts. When you are using position restraints to
  equilibrate a macro-molecule, the artifacts are usually negligible.

Estimate for the relative computational load of the PME mesh part: 0.24

There was 1 note

GROMACS reminds you: "If I Were You I Would Give Me a Break" (F. Black)


