2021-09-02 18:14:32,448 [MainThread  ] [INFO ]  GROMACS Grompp 2020220200430578835 version detected
2021-09-02 18:14:32,451 [MainThread  ] [INFO ]  Extracting: /opt/notebooks/biobb_wf_md_setup/biobb_wf_md_setup/notebooks/1AKI_genion_top.zip
2021-09-02 18:14:32,451 [MainThread  ] [INFO ]  to:
2021-09-02 18:14:32,452 [MainThread  ] [INFO ]  ['df0817cc-d9d8-4b03-87b8-f1d7a2f93d1b/p2g.top', 'df0817cc-d9d8-4b03-87b8-f1d7a2f93d1b/posre.itp']
2021-09-02 18:14:32,453 [MainThread  ] [INFO ]  Unzipping: 
2021-09-02 18:14:32,453 [MainThread  ] [INFO ]  1AKI_genion_top.zip
2021-09-02 18:14:32,453 [MainThread  ] [INFO ]  To: 
2021-09-02 18:14:32,454 [MainThread  ] [INFO ]  df0817cc-d9d8-4b03-87b8-f1d7a2f93d1b/p2g.top
2021-09-02 18:14:32,454 [MainThread  ] [INFO ]  df0817cc-d9d8-4b03-87b8-f1d7a2f93d1b/posre.itp
2021-09-02 18:14:32,455 [MainThread  ] [INFO ]  Not using any container
2021-09-02 18:14:32,800 [MainThread  ] [INFO ]  gmx -nobackup -nocopyright grompp -f d4ee0b1a-0604-4cf6-82b2-28600c7089e7/grompp.mdp -c 1AKI_genion.gro -r 1AKI_genion.gro -p df0817cc-d9d8-4b03-87b8-f1d7a2f93d1b/p2g.top -o 1AKI_gppmin.tpr -po mdout.mdp -maxwarn 0

2021-09-02 18:14:32,801 [MainThread  ] [INFO ]  Exit code 0

2021-09-02 18:14:32,801 [MainThread  ] [INFO ]  Analysing residue names:
There are:   129    Protein residues
There are: 10616      Water residues
There are:    28        Ion residues
Analysing Protein...
Analysing residues not classified as Protein/DNA/RNA/Water and splitting into groups...
Calculating fourier grid dimensions for X Y Z
Using a fourier grid of 60x60x60, spacing 0.117 0.117 0.117
This run will generate roughly 3 Mb of data

2021-09-02 18:14:32,803 [MainThread  ] [INFO ]  Removed: ['mdout.mdp', 'df0817cc-d9d8-4b03-87b8-f1d7a2f93d1b', 'd4ee0b1a-0604-4cf6-82b2-28600c7089e7']
